#
# A fatal error has been detected by the Java Runtime Environment:
#
#  EXCEPTION_ACCESS_VIOLATION (0xc0000005) at pc=0x00007ffc8cc63004, pid=9628, tid=2980
#
# JRE version: OpenJDK Runtime Environment (24.0.1+9) (build 24.0.1+9-30)
# Java VM: OpenJDK 64-Bit Server VM (24.0.1+9-30, mixed mode, emulated-client, sharing, tiered, compressed oops, compressed class ptrs, g1 gc, windows-amd64)
# Problematic frame:
# C  [libasyncProfiler.dll+0x93004]
#
# No core dump will be written. Minidumps are not enabled by default on client versions of Windows
#
# If you would like to submit a bug report, please visit:
#   https://bugreport.java.com/bugreport/crash.jsp
# The crash happened outside the Java Virtual Machine in native code.
# See problematic frame for where to report the bug.
#

---------------  S U M M A R Y ------------

Command Line: -agentlib:jdwp=transport=dt_socket,address=127.0.0.1:51475,suspend=y,server=n -agentpath:C:\Users\gabri\AppData\Local\Temp\idea_libasyncProfiler_dll_temp_folder\libasyncProfiler.dll=version,jfr,event=wall,interval=10ms,cstack=no,file=C:\Users\gabri\IdeaSnapshots\SquadApiApplication_2025_11_20_233329.jfr,dbghelppath=C:\Users\gabri\AppData\Local\Temp\idea_dbghelp_dll_temp_folder\dbghelp.dll,log=C:\Users\gabri\AppData\Local\Temp\SquadApiApplication_2025_11_20_233329.jfr.log.txt,logLevel=DEBUG -XX:TieredStopAtLevel=1 -Dspring.output.ansi.enabled=always -Dcom.sun.management.jmxremote -Dspring.jmx.enabled=true -Dspring.liveBeansView.mbeanDomain -Dspring.application.admin.enabled=true -Dmanagement.endpoints.jmx.exposure.include=* -javaagent:C:\Users\gabri\AppData\Local\JetBrains\IntelliJIdea2024.3\captureAgent\debugger-agent.jar -Dkotlinx.coroutines.debug.enable.creation.stack.trace=false -Ddebugger.agent.enable.coroutines=true -Dkotlinx.coroutines.debug.enable.flows.stack.trace=true -Dkotlinx.coroutines.debug.enable.mutable.state.flows.stack.trace=true -Dfile.encoding=UTF-8 -Dsun.stdout.encoding=UTF-8 -Dsun.stderr.encoding=UTF-8 squad_api.squad_api.SquadApiApplicationKt

Host: 11th Gen Intel(R) Core(TM) i5-1135G7 @ 2.40GHz, 8 cores, 11G,  Windows 11 , 64 bit Build 26100 (10.0.26100.7019)
Time: Thu Nov 20 23:35:12 2025 Hora oficial do Brasil elapsed time: 102.718622 seconds (0d 0h 1m 42s)

---------------  T H R E A D  ---------------

Current thread (0x00000267c22ffdb0):  JavaThread "Attach Listener" daemon [_thread_in_native, id=2980, stack(0x0000009d82c00000,0x0000009d82d00000) (1024K)]

Stack: [0x0000009d82c00000,0x0000009d82d00000],  sp=0x0000009d82cff330,  free space=1020k
Native frames: (J=compiled Java code, j=interpreted, Vv=VM code, C=native code)
C  [libasyncProfiler.dll+0x93004]  (no source info available)
C  [libasyncProfiler.dll+0x934db]  (no source info available)
C  [libasyncProfiler.dll+0x92134]  (no source info available)
C  [libasyncProfiler.dll+0x929aa]  (no source info available)
C  [libasyncProfiler.dll+0x8d561]  (no source info available)
C  [libasyncProfiler.dll+0x7ef21]  (no source info available)
C  [libasyncProfiler.dll+0x7dc38]  (no source info available)
C  [libasyncProfiler.dll+0x7db20]  (no source info available)
C  [libasyncProfiler.dll+0x84af9]  (no source info available)
V  [jvm.dll+0x57eff7]  (no source info available)
V  [jvm.dll+0x57fdac]  (no source info available)
V  [jvm.dll+0x14ca17]  (no source info available)
V  [jvm.dll+0x14dfe1]  (no source info available)
V  [jvm.dll+0x42f456]  (no source info available)
V  [jvm.dll+0x87d76b]  (no source info available)
V  [jvm.dll+0x72ee55]  (no source info available)
C  [ucrtbase.dll+0x37b0]  (no source info available)
C  [KERNEL32.DLL+0x2e8d7]  (no source info available)
C  [ntdll.dll+0x8c53c]  (no source info available)


siginfo: EXCEPTION_ACCESS_VIOLATION (0xc0000005), reading address 0xffffffffffffffff


Registers:
RAX=0x0000000000000010, RBX=0x0000000000000000, RCX=0xffffffffffffffff, RDX=0x007ffc55b1300010
RSP=0x0000009d82cff330, RBP=0x0000026808c4c2b8, RSI=0x0000009d82cff4a0, RDI=0x0000026808c4c2b8
R8 =0x0000000000000042, R9 =0x0000000744af0000, R10=0x00007ffc55d89fb0, R11=0x0000000000000064
R12=0x0000009d82cff4a0, R13=0x00000267ad26c8f0, R14=0x00000267c2300178, R15=0x00000267c2300178
RIP=0x00007ffc8cc63004, EFLAGS=0x0000000000010202

XMM[0]=0x0000000000000000 0x0000000000000000
XMM[1]=0x0000000000000000 0x0000000000000000
XMM[2]=0x0000000000000000 0x0000000000000000
XMM[3]=0x0000000000000000 0x0000000000000000
XMM[4]=0x0000000000000000 0x0000000000000000
XMM[5]=0x0000000000000000 0x0000000000000000
XMM[6]=0x0000000000000000 0x0000000000000000
XMM[7]=0x0000000000000000 0x0000000000000000
XMM[8]=0x0000000000000000 0x0000000000000000
XMM[9]=0x0000000000000000 0x0000000000000000
XMM[10]=0x0000000000000000 0x0000000000000000
XMM[11]=0x0000000000000000 0x0000000000000000
XMM[12]=0x0000000000000000 0x0000000000000000
XMM[13]=0x0000000000000000 0x0000000000000000
XMM[14]=0x0000000000000000 0x0000000000000000
XMM[15]=0x0000000000000000 0x0000000000000000
  MXCSR=0x00001fa0


Register to memory mapping:

RAX=0x0000000000000010 is an unknown value
RBX=0x0 is null
RCX=0xffffffffffffffff is an unknown value
RDX=0x007ffc55b1300010 is an unknown value
RSP=0x0000009d82cff330 is pointing into the stack for thread: 0x00000267c22ffdb0
RBP=0x0000026808c4c2b8 points into unknown readable memory: 0x0000000744af0000 | 00 00 af 44 07 00 00 00
RSI=0x0000009d82cff4a0 is pointing into the stack for thread: 0x00000267c22ffdb0
RDI=0x0000026808c4c2b8 points into unknown readable memory: 0x0000000744af0000 | 00 00 af 44 07 00 00 00
R8 =0x0000000000000042 is an unknown value
R9 =0x0000000744af0000 is an oop: java.lang.ref.Reference$ReferenceHandler 
{0x0000000744af0000} - klass: 'java/lang/ref/Reference$ReferenceHandler' - flags: 

 - ---- fields (total size 14 words):
 - 'threadLocalRandomProbe' 'I' @12  0 (0x00000000)
 - private volatile 'eetop' 'J' @16  2644662759984 (0x00000267c22f3230)
 - private final 'tid' 'J' @24  14 (0x000000000000000e)
 - 'threadLocalRandomSeed' 'J' @32  0 (0x0000000000000000)
 - injected 'jvmti_thread_state' 'J' @40  2644664184944 (0x00000267c244f070)
 - 'threadLocalRandomSecondarySeed' 'I' @48  0 (0x00000000)
 - injected 'jvmti_VTMS_transition_disable_count' 'I' @52  0 (0x00000000)
 - injected 'jfr_epoch' 'S' @56  0 (0x0000)
 - volatile 'interrupted' 'Z' @58  false (0x00)
 - injected 'jvmti_is_in_VTMS_transition' 'Z' @59  false (0x00)
 - private volatile 'name' 'Ljava/lang/String;' @60  "Reference Handler"{0x00000007453767f0} (0xe8a6ecfe)
 - private volatile 'contextClassLoader' 'Ljava/lang/ClassLoader;' @64  null (0x00000000)
 - private final 'holder' 'Ljava/lang/Thread$FieldHolder;' @68  a 'java/lang/Thread$FieldHolder'{0x0000000745c34898} (0xe8b86913)
 - 'threadLocals' 'Ljava/lang/ThreadLocal$ThreadLocalMap;' @72  null (0x00000000)
 - 'inheritableThreadLocals' 'Ljava/lang/ThreadLocal$ThreadLocalMap;' @76  null (0x00000000)
 - private 'scopedValueBindings' 'Ljava/lang/Object;' @80  a 'java/lang/Class'{0x000000074520e1f0} = 'java/lang/Thread' (0xe8a41c3e)
 - final 'interruptLock' 'Ljava/lang/Object;' @84  a 'java/lang/Object'{0x0000000745c34888} (0xe8b86911)
 - private volatile 'parkBlocker' 'Ljava/lang/Object;' @88  null (0x00000000)
 - private 'nioBlocker' 'Lsun/nio/ch/Interruptible;' @92  null (0x00000000)
 - private 'cont' 'Ljdk/internal/vm/Continuation;' @96  null (0x00000000)
 - private volatile 'uncaughtExceptionHandler' 'Ljava/lang/Thread$UncaughtExceptionHandler;' @100  null (0x00000000)
 - private 'container' 'Ljdk/internal/vm/ThreadContainer;' @104  null (0x00000000)
 - private volatile 'headStackableScopes' 'Ljdk/internal/vm/StackableScope;' @108  null (0x00000000)
R10=0x00007ffc55d89fb0 jvm.dll
R11=0x0000000000000064 is an unknown value
R12=0x0000009d82cff4a0 is pointing into the stack for thread: 0x00000267c22ffdb0
R13=0x00000267ad26c8f0 points into unknown readable memory: 0x00007ffc55cfa510 | 10 a5 cf 55 fc 7f 00 00
R14=0x00000267c2300178 points into unknown readable memory: 0x00007ffc55cf17b0 | b0 17 cf 55 fc 7f 00 00
R15=0x00000267c2300178 points into unknown readable memory: 0x00007ffc55cf17b0 | b0 17 cf 55 fc 7f 00 00

Top of Stack: (sp=0x0000009d82cff330)
0x0000009d82cff330:   0000009d82cff4a0 0000026808c4c2b8   ............h...
0x0000009d82cff340:   0000000000000000 00000267c2303880   .........80.g...
0x0000009d82cff350:   0000000000000036 00007ffc8cc634db   6........4......
0x0000009d82cff360:   0000000000000000 00000267c2300178   ........x.0.g...
0x0000009d82cff370:   0000009d82cff401 0000000000000000   ................
0x0000009d82cff380:   000002680868d7d0 00007ffc8cc62134   ..h.h...4!......
0x0000009d82cff390:   0000000000000000 0000000000000036   ........6.......
0x0000009d82cff3a0:   0000000000000000 0000000000000036   ........6.......
0x0000009d82cff3b0:   0000002000000002 000002680868d8e0   .... .....h.h...
0x0000009d82cff3c0:   000002680868d7d0 000002680868d8a8   ..h.h.....h.h...
0x0000009d82cff3d0:   000002680868d8cc 0000000000002d08   ..h.h....-......
0x0000009d82cff3e0:   0000000000000000 0000000000000000   ................
0x0000009d82cff3f0:   0000000000000000 00007ffc555557d4   .........WUU....
0x0000009d82cff400:   00007ffc8cdbae00 000000000000259c   .........%......
0x0000009d82cff410:   00007ffc8cdbae00 00000000ffffffff   ................
0x0000009d82cff420:   0000000000000000 00007ffc8cc629aa   .........)......
0x0000009d82cff430:   00000267c2300178 0000000000000000   x.0.g...........
0x0000009d82cff440:   0000009d82cff4a9 00000267ad26c8f0   ..........&.g...
0x0000009d82cff450:   00007ffc000064b6 0000000000000000   .d..............
0x0000009d82cff460:   0000000000000000 00007ffcfb3d8239   ........9.=.....
0x0000009d82cff470:   00000267c2300178 00007ffc8cdbae00   x.0.g...........
0x0000009d82cff480:   0000000000000000 00007ffc8ccfbc53   ........S.......
0x0000009d82cff490:   0000000000000000 00000267c2300178   ........x.0.g...
0x0000009d82cff4a0:   000002681443a290 000002681443a950   ..C.h...P.C.h...
0x0000009d82cff4b0:   000002681443a950 00007ffc8cdbae00   P.C.h...........
0x0000009d82cff4c0:   00000267af786988 0000009d82cff638   .ix.g...8.......
0x0000009d82cff4d0:   0000009d82cff770 0000000000008840   p.......@.......
0x0000009d82cff4e0:   0000009d82cff950 00007ffc8cdbae50   P.......P.......
0x0000009d82cff4f0:   0000000000989680 0000000000989680   ................
0x0000009d82cff500:   0000009d82cff610 00007ffc8cc5d561   ........a.......
0x0000009d82cff510:   00007ffc8cdbae00 00007ffc8cdbae58   ........X.......
0x0000009d82cff520:   00007ffc00000000 002eeeca00000001   ................

Instructions: (pc=0x00007ffc8cc63004)
  0x00007ffc8cc62f04:   cc cc cc cc cc cc cc cc cc cc cc cc cc cc cc cc
  0x00007ffc8cc62f14:   cc cc cc cc cc cc cc cc cc cc cc cc cc cc cc cc
  0x00007ffc8cc62f24:   cc cc cc cc cc cc cc cc cc cc cc cc cc cc cc cc
  0x00007ffc8cc62f34:   cc cc cc cc cc cc cc cc cc cc cc cc cc cc cc cc
  0x00007ffc8cc62f44:   cc cc cc cc cc cc cc cc cc cc cc cc cc cc cc cc
  0x00007ffc8cc62f54:   cc cc cc cc cc cc cc cc cc cc cc cc cc cc cc cc
  0x00007ffc8cc62f64:   cc cc cc cc cc cc cc cc cc cc cc cc cc cc cc cc
  0x00007ffc8cc62f74:   cc cc cc cc cc cc cc cc cc cc cc cc cc cc cc cc
  0x00007ffc8cc62f84:   cc cc cc cc cc cc cc cc cc cc cc cc 40 57 48 83
  0x00007ffc8cc62f94:   ec 20 48 8b f9 48 8b 0d 30 80 15 00 48 85 c9 74
  0x00007ffc8cc62fa4:   20 48 8b 01 48 8d 54 24 38 41 b8 06 00 01 00 4c
  0x00007ffc8cc62fb4:   8b 48 30 41 ff d1 85 c0 75 07 48 8b 4c 24 38 eb
  0x00007ffc8cc62fc4:   02 33 c9 4c 8b 05 0a 81 15 00 48 89 5c 24 30 4d
  0x00007ffc8cc62fd4:   85 c0 74 4a 48 8b 01 48 8b d7 4c 8b 88 28 03 00
  0x00007ffc8cc62fe4:   00 41 ff d1 48 85 c0 74 35 48 63 0d b8 3d 15 00
  0x00007ffc8cc62ff4:   48 8b 14 01 48 85 d2 74 15 48 63 05 bc 3d 15 00
=>0x00007ffc8cc63004:   8b 04 10 48 8b 5c 24 30 48 83 c4 20 5f c3 b8 ff
  0x00007ffc8cc63014:   ff ff ff 48 8b 5c 24 30 48 83 c4 20 5f c3 80 3d
  0x00007ffc8cc63024:   bb 7f 15 00 00 bb ff ff ff ff 74 20 4c 8b 0d 51
  0x00007ffc8cc63034:   7c 15 00 4c 8d 44 24 38 48 8b 0d 35 7c 15 00 48
  0x00007ffc8cc63044:   8b d7 41 ff d1 85 c0 0f 44 5c 24 38 8b c3 48 8b
  0x00007ffc8cc63054:   5c 24 30 48 83 c4 20 5f c3 cc cc cc cc cc cc cc
  0x00007ffc8cc63064:   cc cc cc cc cc cc cc cc cc cc cc cc cc cc cc cc
  0x00007ffc8cc63074:   cc cc cc cc cc cc cc cc cc cc cc cc cc cc cc cc
  0x00007ffc8cc63084:   cc cc cc cc cc cc cc cc cc cc cc cc 48 89 54 24
  0x00007ffc8cc63094:   10 53 55 56 57 41 56 41 57 48 83 ec 28 48 8b f2
  0x00007ffc8cc630a4:   4c 8b f1 48 89 4c 24 78 45 33 ff 44 89 7c 24 68
  0x00007ffc8cc630b4:   c7 44 24 60 01 00 00 00 48 8d 4c 24 68 e8 69 3c
  0x00007ffc8cc630c4:   f7 ff 8b d8 48 8d 4c 24 60 e8 5d 3c f7 ff 8b e8
  0x00007ffc8cc630d4:   49 8b ce e8 33 f3 f6 ff 48 8b f8 90 8b c3 f0 0f
  0x00007ffc8cc630e4:   b1 2f 74 04 f3 90 eb f4 4c 89 3e 4c 89 7e 08 4c
  0x00007ffc8cc630f4:   89 7e 10 49 8b 6e 08 4d 8b 76 10 49 3b ee 0f 84


Stack slot to memory mapping:

stack at sp + 0 slots: 0x0000009d82cff4a0 is pointing into the stack for thread: 0x00000267c22ffdb0
stack at sp + 1 slots: 0x0000026808c4c2b8 points into unknown readable memory: 0x0000000744af0000 | 00 00 af 44 07 00 00 00
stack at sp + 2 slots: 0x0 is null
stack at sp + 3 slots: 0x00000267c2303880 points into unknown readable memory: 0x6e616c2e6176616a | 6a 61 76 61 2e 6c 61 6e
stack at sp + 4 slots: 0x0000000000000036 is an unknown value
stack at sp + 5 slots: 0x00007ffc8cc634db libasyncProfiler.dll
stack at sp + 6 slots: 0x0 is null
stack at sp + 7 slots: 0x00000267c2300178 points into unknown readable memory: 0x00007ffc55cf17b0 | b0 17 cf 55 fc 7f 00 00

Lock stack of current Java thread (top to bottom):


---------------  P R O C E S S  ---------------

Threads class SMR info:
_java_thread_list=0x00000268147e6050, length=35, elements={
0x00000267c22f3230, 0x00000267c22f3a70, 0x00000267c22ff670, 0x00000267c22ffdb0,
0x00000267c2306910, 0x00000267c23079a0, 0x00000267c23080e0, 0x00000267c249a590,
0x00000267c24c8b60, 0x00000267c249ebb0, 0x00000267c26313f0, 0x00000267c26377c0,
0x0000026808ab16c0, 0x0000026809351530, 0x0000026809351c80, 0x000002680bcee260,
0x000002680bcf5010, 0x000002680bcf48c0, 0x000002680bcf3a20, 0x000002680c43d780,
0x00000268140e1ef0, 0x00000268140e2d90, 0x00000268140e1050, 0x00000268140e7e00,
0x00000268140e76b0, 0x00000268140e8550, 0x00000268140e6810, 0x00000268140e6f60,
0x00000268140e60c0, 0x00000268140e5220, 0x00000268140e8ca0, 0x00000268140e5970,
0x00000268140ea290, 0x00000268140eb130, 0x00000268140eb880
}

Java Threads: ( => current thread )
  0x00000267c22f3230 JavaThread "Reference Handler"          daemon [_thread_blocked, id=11920, stack(0x0000009d82900000,0x0000009d82a00000) (1024K)]
  0x00000267c22f3a70 JavaThread "Finalizer"                  daemon [_thread_blocked, id=16632, stack(0x0000009d82a00000,0x0000009d82b00000) (1024K)]
  0x00000267c22ff670 JavaThread "Signal Dispatcher"          daemon [_thread_blocked, id=17212, stack(0x0000009d82b00000,0x0000009d82c00000) (1024K)]
=>0x00000267c22ffdb0 JavaThread "Attach Listener"            daemon [_thread_in_native, id=2980, stack(0x0000009d82c00000,0x0000009d82d00000) (1024K)]
  0x00000267c2306910 JavaThread "Service Thread"             daemon [_thread_blocked, id=2612, stack(0x0000009d82d00000,0x0000009d82e00000) (1024K)]
  0x00000267c23079a0 JavaThread "Monitor Deflation Thread"   daemon [_thread_blocked, id=5192, stack(0x0000009d82e00000,0x0000009d82f00000) (1024K)]
  0x00000267c23080e0 JavaThread "C1 CompilerThread0"         daemon [_thread_blocked, id=4652, stack(0x0000009d82f00000,0x0000009d83000000) (1024K)]
  0x00000267c249a590 JavaThread "JDWP Transport Listener: dt_socket" daemon [_thread_blocked, id=6816, stack(0x0000009d83200000,0x0000009d83300000) (1024K)]
  0x00000267c24c8b60 JavaThread "JDWP Event Helper Thread"   daemon [_thread_blocked, id=2212, stack(0x0000009d83300000,0x0000009d83400000) (1024K)]
  0x00000267c249ebb0 JavaThread "JDWP Command Reader"        daemon [_thread_in_native, id=7640, stack(0x0000009d83400000,0x0000009d83500000) (1024K)]
  0x00000267c26313f0 JavaThread "Notification Thread"        daemon [_thread_blocked, id=5320, stack(0x0000009d83500000,0x0000009d83600000) (1024K)]
  0x00000267c26377c0 JavaThread "Common-Cleaner"             daemon [_thread_blocked, id=18628, stack(0x0000009d83600000,0x0000009d83700000) (1024K)]
  0x0000026808ab16c0 JavaThread "RMI TCP Accept-0"           daemon [_thread_in_native, id=16124, stack(0x0000009d83800000,0x0000009d83900000) (1024K)]
  0x0000026809351530 JavaThread "RMI TCP Connection(idle)"   daemon [_thread_blocked, id=16460, stack(0x0000009d83900000,0x0000009d83a00000) (1024K)]
  0x0000026809351c80 JavaThread "RMI Scheduler(0)"           daemon [_thread_blocked, id=10372, stack(0x0000009d83a00000,0x0000009d83b00000) (1024K)]
  0x000002680bcee260 JavaThread "Catalina-utility-1"                [_thread_blocked, id=13700, stack(0x0000009d84200000,0x0000009d84300000) (1024K)]
  0x000002680bcf5010 JavaThread "Catalina-utility-2"                [_thread_blocked, id=18572, stack(0x0000009d84400000,0x0000009d84500000) (1024K)]
  0x000002680bcf48c0 JavaThread "container-0"                       [_thread_blocked, id=9420, stack(0x0000009d84500000,0x0000009d84600000) (1024K)]
  0x000002680bcf3a20 JavaThread "mysql-cj-abandoned-connection-cleanup" daemon [_thread_blocked, id=10188, stack(0x0000009d84600000,0x0000009d84700000) (1024K)]
  0x000002680c43d780 JavaThread "HikariPool-1:housekeeper"   daemon [_thread_blocked, id=3592, stack(0x0000009d84800000,0x0000009d84900000) (1024K)]
  0x00000268140e1ef0 JavaThread "spring-session-1"                  [_thread_blocked, id=5640, stack(0x0000009d84a00000,0x0000009d84b00000) (1024K)]
  0x00000268140e2d90 JavaThread "http-nio-8083-exec-1"       daemon [_thread_blocked, id=5684, stack(0x0000009d84b00000,0x0000009d84c00000) (1024K)]
  0x00000268140e1050 JavaThread "http-nio-8083-exec-2"       daemon [_thread_blocked, id=9168, stack(0x0000009d84c00000,0x0000009d84d00000) (1024K)]
  0x00000268140e7e00 JavaThread "http-nio-8083-exec-3"       daemon [_thread_blocked, id=12960, stack(0x0000009d84d00000,0x0000009d84e00000) (1024K)]
  0x00000268140e76b0 JavaThread "http-nio-8083-exec-4"       daemon [_thread_blocked, id=9316, stack(0x0000009d84e00000,0x0000009d84f00000) (1024K)]
  0x00000268140e8550 JavaThread "http-nio-8083-exec-5"       daemon [_thread_blocked, id=18500, stack(0x0000009d84f00000,0x0000009d85000000) (1024K)]
  0x00000268140e6810 JavaThread "http-nio-8083-exec-6"       daemon [_thread_blocked, id=18972, stack(0x0000009d85000000,0x0000009d85100000) (1024K)]
  0x00000268140e6f60 JavaThread "http-nio-8083-exec-7"       daemon [_thread_blocked, id=17076, stack(0x0000009d85100000,0x0000009d85200000) (1024K)]
  0x00000268140e60c0 JavaThread "http-nio-8083-exec-8"       daemon [_thread_blocked, id=1824, stack(0x0000009d85200000,0x0000009d85300000) (1024K)]
  0x00000268140e5220 JavaThread "http-nio-8083-exec-9"       daemon [_thread_blocked, id=9964, stack(0x0000009d85300000,0x0000009d85400000) (1024K)]
  0x00000268140e8ca0 JavaThread "http-nio-8083-exec-10"      daemon [_thread_blocked, id=17228, stack(0x0000009d85400000,0x0000009d85500000) (1024K)]
  0x00000268140e5970 JavaThread "http-nio-8083-Poller"       daemon [_thread_in_native, id=3180, stack(0x0000009d85500000,0x0000009d85600000) (1024K)]
  0x00000268140ea290 JavaThread "http-nio-8083-Acceptor"     daemon [_thread_in_native, id=5288, stack(0x0000009d85600000,0x0000009d85700000) (1024K)]
  0x00000268140eb130 JavaThread "pool-3-thread-1"                   [_thread_blocked, id=18452, stack(0x0000009d85700000,0x0000009d85800000) (1024K)]
  0x00000268140eb880 JavaThread "DestroyJavaVM"                     [_thread_blocked, id=15504, stack(0x0000009d82100000,0x0000009d82200000) (1024K)]
Total: 35

Other Threads:
  0x00000267c22e55a0 VMThread "VM Thread"                           [id=204, stack(0x0000009d82800000,0x0000009d82900000) (1024K)]
  0x00000267af484ef0 WatcherThread "VM Periodic Task Thread"        [id=17248, stack(0x0000009d82700000,0x0000009d82800000) (1024K)]
  0x00000267af35e420 WorkerThread "GC Thread#0"                     [id=11872, stack(0x0000009d82200000,0x0000009d82300000) (1024K)]
  0x00000268094938b0 WorkerThread "GC Thread#1"                     [id=17264, stack(0x0000009d83b00000,0x0000009d83c00000) (1024K)]
  0x0000026809522df0 WorkerThread "GC Thread#2"                     [id=18968, stack(0x0000009d83c00000,0x0000009d83d00000) (1024K)]
  0x0000026809523550 WorkerThread "GC Thread#3"                     [id=16324, stack(0x0000009d83d00000,0x0000009d83e00000) (1024K)]
  0x0000026809523900 WorkerThread "GC Thread#4"                     [id=12396, stack(0x0000009d83e00000,0x0000009d83f00000) (1024K)]
  0x0000026809521f30 WorkerThread "GC Thread#5"                     [id=16592, stack(0x0000009d83f00000,0x0000009d84000000) (1024K)]
  0x00000268095231a0 WorkerThread "GC Thread#6"                     [id=16240, stack(0x0000009d84000000,0x0000009d84100000) (1024K)]
  0x00000268095222e0 WorkerThread "GC Thread#7"                     [id=5436, stack(0x0000009d84100000,0x0000009d84200000) (1024K)]
  0x00000267af36de30 ConcurrentGCThread "G1 Main Marker"            [id=4516, stack(0x0000009d82300000,0x0000009d82400000) (1024K)]
  0x00000267af36f960 WorkerThread "G1 Conc#0"                       [id=14016, stack(0x0000009d82400000,0x0000009d82500000) (1024K)]
  0x0000026809744490 WorkerThread "G1 Conc#1"                       [id=12848, stack(0x0000009d84300000,0x0000009d84400000) (1024K)]
  0x00000267af42c710 ConcurrentGCThread "G1 Refine#0"               [id=7024, stack(0x0000009d82500000,0x0000009d82600000) (1024K)]
  0x00000267af42cc50 ConcurrentGCThread "G1 Service"                [id=16544, stack(0x0000009d82600000,0x0000009d82700000) (1024K)]
Total: 15

Threads with active compile tasks:
Total: 0

VM state: not at safepoint (normal execution)

VM Mutex/Monitor currently owned by a thread: None

Heap address: 0x0000000744400000, size: 3004 MB, Compressed Oops mode: Zero based, Oop shift amount: 3

CDS archive(s) mapped at: [0x00000267c3000000-0x00000267c3d40000-0x00000267c3d40000), size 13893632, SharedBaseAddress: 0x00000267c3000000, ArchiveRelocationMode: 1.
Compressed class space mapped at: 0x00000267c4000000-0x0000026804000000, reserved size: 1073741824
UseCompressedClassPointers 1, UseCompactObjectHeaders 0
Narrow klass pointer bits 32, Max shift 3
Narrow klass base: 0x00000267c3000000, Narrow klass shift: 0
Encoding Range: [0x00000267c3000000 - 0x00000268c3000000), (4294967296 bytes)
Klass Range:    [0x00000267c3000000 - 0x0000026804000000), (1090519040 bytes)
Klass ID Range:  [8 - 1090519033) (1090519025)

GC Precious Log:
 CardTable entry size: 512
 Card Set container configuration: InlinePtr #cards 4 size 8 Array Of Cards #cards 16 size 48 Howl #buckets 8 coarsen threshold 3686 Howl Bitmap #cards 512 size 80 coarsen threshold 460 Card regions per heap region 1 cards per card region 4096
 CPUs: 8 total, 8 available
 Memory: 12014M
 Large Page Support: Disabled
 NUMA Support: Disabled
 Compressed Oops: Enabled (Zero based)
 Heap Region Size: 2M
 Heap Min Capacity: 8M
 Heap Initial Capacity: 188M
 Heap Max Capacity: 3004M
 Pre-touch: Disabled
 Parallel Workers: 8
 Concurrent Workers: 2
 Concurrent Refinement Workers: 8
 Periodic GC: Disabled

Heap:
 garbage-first heap   total reserved 3076096K, committed 83968K, used 47881K [0x0000000744400000, 0x0000000800000000)
  region size 2048K, 4 young (8192K), 2 survivors (4096K)
 Metaspace       used 94118K, committed 94848K, reserved 1179648K
  class space    used 10222K, committed 10496K, reserved 1048576K

Heap Regions: E=young(eden), S=young(survivor), O=old, HS=humongous(starts), HC=humongous(continues), CS=collection set, F=free, TAMS=top-at-mark-start, PB=parsable bottom
|   0|0x0000000744400000, 0x0000000744600000, 0x0000000744600000|100%| O|  |TAMS 0x0000000744400000| PB 0x0000000744400000| Untracked |  0
|   1|0x0000000744600000, 0x0000000744800000, 0x0000000744800000|100%| O|  |TAMS 0x0000000744600000| PB 0x0000000744600000| Untracked |  0
|   2|0x0000000744800000, 0x0000000744a00000, 0x0000000744a00000|100%| O|  |TAMS 0x0000000744800000| PB 0x0000000744800000| Untracked |  0
|   3|0x0000000744a00000, 0x0000000744c00000, 0x0000000744c00000|100%| O|  |TAMS 0x0000000744a00000| PB 0x0000000744a00000| Untracked |  0
|   4|0x0000000744c00000, 0x0000000744e00000, 0x0000000744e00000|100%| O|  |TAMS 0x0000000744c00000| PB 0x0000000744c00000| Untracked |  0
|   5|0x0000000744e00000, 0x0000000745000000, 0x0000000745000000|100%| O|  |TAMS 0x0000000744e00000| PB 0x0000000744e00000| Untracked |  0
|   6|0x0000000745000000, 0x0000000745200000, 0x0000000745200000|100%| O|  |TAMS 0x0000000745000000| PB 0x0000000745000000| Untracked |  0
|   7|0x0000000745200000, 0x0000000745400000, 0x0000000745400000|100%| O|  |TAMS 0x0000000745200000| PB 0x0000000745200000| Untracked |  0
|   8|0x0000000745400000, 0x0000000745600000, 0x0000000745600000|100%| O|  |TAMS 0x0000000745400000| PB 0x0000000745400000| Untracked |  0
|   9|0x0000000745600000, 0x0000000745600000, 0x0000000745800000|  0%| F|  |TAMS 0x0000000745600000| PB 0x0000000745600000| Untracked |  0
|  10|0x0000000745800000, 0x0000000745a00000, 0x0000000745a00000|100%| O|  |TAMS 0x0000000745800000| PB 0x0000000745800000| Untracked |  0
|  11|0x0000000745a00000, 0x0000000745c00000, 0x0000000745c00000|100%| O|  |TAMS 0x0000000745a00000| PB 0x0000000745a00000| Untracked |  0
|  12|0x0000000745c00000, 0x0000000745e00000, 0x0000000745e00000|100%| O|  |TAMS 0x0000000745c00000| PB 0x0000000745c00000| Untracked |  0
|  13|0x0000000745e00000, 0x0000000746000000, 0x0000000746000000|100%| O|  |TAMS 0x0000000745e00000| PB 0x0000000745e00000| Untracked |  0
|  14|0x0000000746000000, 0x0000000746200000, 0x0000000746200000|100%| O|  |TAMS 0x0000000746000000| PB 0x0000000746000000| Untracked |  0
|  15|0x0000000746200000, 0x0000000746400000, 0x0000000746400000|100%| O|  |TAMS 0x0000000746200000| PB 0x0000000746200000| Untracked |  0
|  16|0x0000000746400000, 0x0000000746600000, 0x0000000746600000|100%| O|  |TAMS 0x0000000746400000| PB 0x0000000746400000| Untracked |  0
|  17|0x0000000746600000, 0x0000000746800000, 0x0000000746800000|100%| O|  |TAMS 0x0000000746600000| PB 0x0000000746600000| Untracked |  0
|  18|0x0000000746800000, 0x0000000746a00000, 0x0000000746a00000|100%| O|  |TAMS 0x0000000746800000| PB 0x0000000746800000| Untracked |  0
|  19|0x0000000746a00000, 0x0000000746c00000, 0x0000000746c00000|100%| O|  |TAMS 0x0000000746a00000| PB 0x0000000746a00000| Untracked |  0
|  20|0x0000000746c00000, 0x0000000746e00000, 0x0000000746e00000|100%| O|  |TAMS 0x0000000746c00000| PB 0x0000000746c00000| Untracked |  0
|  21|0x0000000746e00000, 0x0000000746ec2520, 0x0000000747000000| 37%| O|  |TAMS 0x0000000746e00000| PB 0x0000000746e00000| Untracked |  0
|  22|0x0000000747000000, 0x0000000747000000, 0x0000000747200000|  0%| F|  |TAMS 0x0000000747000000| PB 0x0000000747000000| Untracked |  0
|  23|0x0000000747200000, 0x0000000747200000, 0x0000000747400000|  0%| F|  |TAMS 0x0000000747200000| PB 0x0000000747200000| Untracked |  0
|  24|0x0000000747400000, 0x0000000747600000, 0x0000000747600000|100%| S|CS|TAMS 0x0000000747400000| PB 0x0000000747400000| Complete |  0
|  25|0x0000000747600000, 0x0000000747800000, 0x0000000747800000|100%| S|CS|TAMS 0x0000000747600000| PB 0x0000000747600000| Complete |  0
|  26|0x0000000747800000, 0x0000000747800000, 0x0000000747a00000|  0%| F|  |TAMS 0x0000000747800000| PB 0x0000000747800000| Untracked |  0
|  27|0x0000000747a00000, 0x0000000747a00000, 0x0000000747c00000|  0%| F|  |TAMS 0x0000000747a00000| PB 0x0000000747a00000| Untracked |  0
|  28|0x0000000747c00000, 0x0000000747c00000, 0x0000000747e00000|  0%| F|  |TAMS 0x0000000747c00000| PB 0x0000000747c00000| Untracked |  0
|  29|0x0000000747e00000, 0x0000000747e00000, 0x0000000748000000|  0%| F|  |TAMS 0x0000000747e00000| PB 0x0000000747e00000| Untracked |  0
|  30|0x0000000748000000, 0x0000000748000000, 0x0000000748200000|  0%| F|  |TAMS 0x0000000748000000| PB 0x0000000748000000| Untracked |  0
|  31|0x0000000748200000, 0x0000000748200000, 0x0000000748400000|  0%| F|  |TAMS 0x0000000748200000| PB 0x0000000748200000| Untracked |  0
|  32|0x0000000748400000, 0x0000000748400000, 0x0000000748600000|  0%| F|  |TAMS 0x0000000748400000| PB 0x0000000748400000| Untracked |  0
|  33|0x0000000748600000, 0x0000000748600000, 0x0000000748800000|  0%| F|  |TAMS 0x0000000748600000| PB 0x0000000748600000| Untracked |  0
|  34|0x0000000748800000, 0x0000000748800000, 0x0000000748a00000|  0%| F|  |TAMS 0x0000000748800000| PB 0x0000000748800000| Untracked |  0
|  35|0x0000000748a00000, 0x0000000748a00000, 0x0000000748c00000|  0%| F|  |TAMS 0x0000000748a00000| PB 0x0000000748a00000| Untracked |  0
|  36|0x0000000748c00000, 0x0000000748c00000, 0x0000000748e00000|  0%| F|  |TAMS 0x0000000748c00000| PB 0x0000000748c00000| Untracked |  0
|  73|0x000000074d600000, 0x000000074d600000, 0x000000074d800000|  0%| F|  |TAMS 0x000000074d600000| PB 0x000000074d600000| Untracked |  0
|  74|0x000000074d800000, 0x000000074d800000, 0x000000074da00000|  0%| F|  |TAMS 0x000000074d800000| PB 0x000000074d800000| Untracked |  0
|  93|0x000000074fe00000, 0x000000074fe9fde8, 0x0000000750000000| 31%| E|  |TAMS 0x000000074fe00000| PB 0x000000074fe00000| Complete |  0
|1501|0x00000007ffe00000, 0x0000000800000000, 0x0000000800000000|100%| E|CS|TAMS 0x00000007ffe00000| PB 0x00000007ffe00000| Complete |  0

Card table byte_map: [0x00000267bc440000,0x00000267bca20000] _byte_map_base: 0x00000267b8a1e000

Marking Bits: (CMBitMap*) 0x00000267af35ea40
 Bits: [0x00000267bca20000, 0x00000267bf910000)

Polling page: 0x00000267ad520000

Metaspace:

Usage:
  Non-class:     81.93 MB used.
      Class:      9.98 MB used.
       Both:     91.91 MB used.

Virtual space:
  Non-class space:      128.00 MB reserved,      82.38 MB ( 64%) committed,  2 nodes.
      Class space:        1.00 GB reserved,      10.25 MB (  1%) committed,  1 nodes.
             Both:        1.12 GB reserved,      92.62 MB (  8%) committed. 

Chunk freelists:
   Non-Class:  12.80 MB
       Class:  5.72 MB
        Both:  18.52 MB

MaxMetaspaceSize: unlimited
CompressedClassSpaceSize: 1.00 GB
Initial GC threshold: 21.00 MB
Current GC threshold: 135.75 MB
CDS: on
 - commit_granule_bytes: 65536.
 - commit_granule_words: 8192.
 - virtual_space_node_default_size: 8388608.
 - enlarge_chunks_in_place: 1.
UseCompressedClassPointers 1, UseCompactObjectHeaders 0
Narrow klass pointer bits 32, Max shift 3
Narrow klass base: 0x00000267c3000000, Narrow klass shift: 0
Encoding Range: [0x00000267c3000000 - 0x00000268c3000000), (4294967296 bytes)
Klass Range:    [0x00000267c3000000 - 0x0000026804000000), (1090519040 bytes)
Klass ID Range:  [8 - 1090519033) (1090519025)


Internal statistics:

num_allocs_failed_limit: 9.
num_arena_births: 962.
num_arena_deaths: 0.
num_vsnodes_births: 3.
num_vsnodes_deaths: 0.
num_space_committed: 1481.
num_space_uncommitted: 0.
num_chunks_returned_to_freelist: 9.
num_chunks_taken_from_freelist: 3878.
num_chunk_merges: 6.
num_chunk_splits: 2906.
num_chunks_enlarged: 2399.
num_inconsistent_stats: 0.

CodeCache: size=49152Kb used=12230Kb max_used=13777Kb free=36921Kb
 bounds [0x00000267b87f0000, 0x00000267b9600000, 0x00000267bb7f0000]
 total_blobs=9039, nmethods=8215, adapters=750, full_count=0
Compilation: enabled, stopped_count=0, restarted_count=0

Compilation events (20 events):
Event: 102.676 Thread 0x00000267c23080e0 8296   !   1       javax.crypto.Mac::chooseFirstProvider (236 bytes)
Event: 102.677 Thread 0x00000267c23080e0 nmethod 8296 0x00000267b8a45788 code [0x00000267b8a45940, 0x00000267b8a46140]
Event: 102.677 Thread 0x00000267c23080e0 8293       1       sun.security.provider.SHA5::implCompress (13 bytes)
Event: 102.678 Thread 0x00000267c23080e0 nmethod 8293 0x00000267b8a45388 code [0x00000267b8a454e0, 0x00000267b8a45718]
Event: 102.678 Thread 0x00000267c23080e0 8294       1       sun.security.provider.SHA5::implCompressCheck (19 bytes)
Event: 102.678 Thread 0x00000267c23080e0 nmethod 8294 0x00000267b8a45008 code [0x00000267b8a45140, 0x00000267b8a45348]
Event: 102.678 Thread 0x00000267c23080e0 8295       1       sun.security.provider.ByteArrayAccess::b2lBig128 (232 bytes)
Event: 102.681 Thread 0x00000267c23080e0 nmethod 8295 0x00000267b8a44288 code [0x00000267b8a44480, 0x00000267b8a44f08]
Event: 102.684 Thread 0x00000267c23080e0 8297       1       org.apache.tomcat.util.http.MimeHeaderField::getName (5 bytes)
Event: 102.684 Thread 0x00000267c23080e0 nmethod 8297 0x00000267b8a43f88 code [0x00000267b8a44080, 0x00000267b8a44148]
Event: 102.697 Thread 0x00000267c23080e0 8298       1       org.apache.catalina.connector.RequestFacade::checkFacade (25 bytes)
Event: 102.698 Thread 0x00000267c23080e0 nmethod 8298 0x00000267b8a43c88 code [0x00000267b8a43dc0, 0x00000267b8a43f70]
Event: 102.699 Thread 0x00000267c23080e0 8299       1       jakarta.servlet.http.HttpServletRequestWrapper::_getHttpServletRequest (8 bytes)
Event: 102.699 Thread 0x00000267c23080e0 nmethod 8299 0x00000267b8a43988 code [0x00000267b8a43aa0, 0x00000267b8a43bc0]
Event: 102.707 Thread 0x00000267c23080e0 8300       1       java.util.concurrent.locks.ReentrantReadWriteLock$NonfairSync::readerShouldBlock (5 bytes)
Event: 102.708 Thread 0x00000267c23080e0 nmethod 8300 0x00000267b8a43688 code [0x00000267b8a437a0, 0x00000267b8a43888]
Event: 102.708 Thread 0x00000267c23080e0 8301       1       java.util.concurrent.locks.AbstractQueuedSynchronizer::apparentlyFirstQueuedIsExclusive (38 bytes)
Event: 102.708 Thread 0x00000267c23080e0 nmethod 8301 0x00000267b8a43388 code [0x00000267b8a434a0, 0x00000267b8a43638]
Event: 102.712 Thread 0x00000267c23080e0 8302       1       java.util.ResourceBundle$CacheKey::hashCode (23 bytes)
Event: 102.713 Thread 0x00000267c23080e0 nmethod 8302 0x00000267b8a43088 code [0x00000267b8a431a0, 0x00000267b8a432e0]

GC Heap History (20 events):
Event: 4.272 GC heap before
{Heap before GC invocations=9 (full 0):
 garbage-first heap   total reserved 3076096K, committed 69632K, used 54539K [0x0000000744400000, 0x0000000800000000)
  region size 2048K, 17 young (34816K), 3 survivors (6144K)
 Metaspace       used 43383K, committed 43776K, reserved 1114112K
  class space    used 4502K, committed 4672K, reserved 1048576K
}
Event: 4.283 GC heap after
{Heap after GC invocations=10 (full 0):
 garbage-first heap   total reserved 3076096K, committed 83968K, used 27872K [0x0000000744400000, 0x0000000800000000)
  region size 2048K, 3 young (6144K), 3 survivors (6144K)
 Metaspace       used 43383K, committed 43776K, reserved 1114112K
  class space    used 4502K, committed 4672K, reserved 1048576K
}
Event: 5.376 GC heap before
{Heap before GC invocations=10 (full 0):
 garbage-first heap   total reserved 3076096K, committed 83968K, used 64736K [0x0000000744400000, 0x0000000800000000)
  region size 2048K, 22 young (45056K), 3 survivors (6144K)
 Metaspace       used 50223K, committed 50624K, reserved 1114112K
  class space    used 5185K, committed 5376K, reserved 1048576K
}
Event: 5.384 GC heap after
{Heap after GC invocations=11 (full 0):
 garbage-first heap   total reserved 3076096K, committed 83968K, used 31251K [0x0000000744400000, 0x0000000800000000)
  region size 2048K, 3 young (6144K), 3 survivors (6144K)
 Metaspace       used 50223K, committed 50624K, reserved 1114112K
  class space    used 5185K, committed 5376K, reserved 1048576K
}
Event: 6.250 GC heap before
{Heap before GC invocations=11 (full 0):
 garbage-first heap   total reserved 3076096K, committed 83968K, used 70163K [0x0000000744400000, 0x0000000800000000)
  region size 2048K, 22 young (45056K), 3 survivors (6144K)
 Metaspace       used 59139K, committed 59712K, reserved 1114112K
  class space    used 6137K, committed 6400K, reserved 1048576K
}
Event: 6.256 GC heap after
{Heap after GC invocations=12 (full 0):
 garbage-first heap   total reserved 3076096K, committed 83968K, used 33206K [0x0000000744400000, 0x0000000800000000)
  region size 2048K, 3 young (6144K), 3 survivors (6144K)
 Metaspace       used 59139K, committed 59712K, reserved 1114112K
  class space    used 6137K, committed 6400K, reserved 1048576K
}
Event: 6.324 GC heap before
{Heap before GC invocations=12 (full 0):
 garbage-first heap   total reserved 3076096K, committed 83968K, used 37302K [0x0000000744400000, 0x0000000800000000)
  region size 2048K, 6 young (12288K), 3 survivors (6144K)
 Metaspace       used 59937K, committed 60416K, reserved 1114112K
  class space    used 6183K, committed 6400K, reserved 1048576K
}
Event: 6.328 GC heap after
{Heap after GC invocations=13 (full 0):
 garbage-first heap   total reserved 3076096K, committed 83968K, used 33354K [0x0000000744400000, 0x0000000800000000)
  region size 2048K, 2 young (4096K), 2 survivors (4096K)
 Metaspace       used 59937K, committed 60416K, reserved 1114112K
  class space    used 6183K, committed 6400K, reserved 1048576K
}
Event: 7.067 GC heap before
{Heap before GC invocations=14 (full 0):
 garbage-first heap   total reserved 3076096K, committed 83968K, used 68170K [0x0000000744400000, 0x0000000800000000)
  region size 2048K, 20 young (40960K), 2 survivors (4096K)
 Metaspace       used 68905K, committed 69504K, reserved 1114112K
  class space    used 7280K, committed 7552K, reserved 1048576K
}
Event: 7.072 GC heap after
{Heap after GC invocations=15 (full 0):
 garbage-first heap   total reserved 3076096K, committed 83968K, used 34537K [0x0000000744400000, 0x0000000800000000)
  region size 2048K, 2 young (4096K), 2 survivors (4096K)
 Metaspace       used 68905K, committed 69504K, reserved 1114112K
  class space    used 7280K, committed 7552K, reserved 1048576K
}
Event: 7.877 GC heap before
{Heap before GC invocations=15 (full 0):
 garbage-first heap   total reserved 3076096K, committed 83968K, used 71401K [0x0000000744400000, 0x0000000800000000)
  region size 2048K, 20 young (40960K), 2 survivors (4096K)
 Metaspace       used 74041K, committed 74560K, reserved 1179648K
  class space    used 7896K, committed 8128K, reserved 1048576K
}
Event: 7.886 GC heap after
{Heap after GC invocations=16 (full 0):
 garbage-first heap   total reserved 3076096K, committed 83968K, used 37030K [0x0000000744400000, 0x0000000800000000)
  region size 2048K, 3 young (6144K), 3 survivors (6144K)
 Metaspace       used 74041K, committed 74560K, reserved 1179648K
  class space    used 7896K, committed 8128K, reserved 1048576K
}
Event: 8.420 GC heap before
{Heap before GC invocations=16 (full 0):
 garbage-first heap   total reserved 3076096K, committed 83968K, used 69798K [0x0000000744400000, 0x0000000800000000)
  region size 2048K, 19 young (38912K), 3 survivors (6144K)
 Metaspace       used 79161K, committed 79744K, reserved 1179648K
  class space    used 8450K, committed 8704K, reserved 1048576K
}
Event: 8.430 GC heap after
{Heap after GC invocations=17 (full 0):
 garbage-first heap   total reserved 3076096K, committed 83968K, used 39972K [0x0000000744400000, 0x0000000800000000)
  region size 2048K, 2 young (4096K), 2 survivors (4096K)
 Metaspace       used 79161K, committed 79744K, reserved 1179648K
  class space    used 8450K, committed 8704K, reserved 1048576K
}
Event: 8.998 GC heap before
{Heap before GC invocations=17 (full 0):
 garbage-first heap   total reserved 3076096K, committed 83968K, used 68644K [0x0000000744400000, 0x0000000800000000)
  region size 2048K, 17 young (34816K), 2 survivors (4096K)
 Metaspace       used 82599K, committed 83264K, reserved 1179648K
  class space    used 8880K, committed 9152K, reserved 1048576K
}
Event: 9.007 GC heap after
{Heap after GC invocations=18 (full 0):
 garbage-first heap   total reserved 3076096K, committed 83968K, used 42296K [0x0000000744400000, 0x0000000800000000)
  region size 2048K, 3 young (6144K), 3 survivors (6144K)
 Metaspace       used 82599K, committed 83264K, reserved 1179648K
  class space    used 8880K, committed 9152K, reserved 1048576K
}
Event: 53.885 GC heap before
{Heap before GC invocations=19 (full 0):
 garbage-first heap   total reserved 3076096K, committed 83968K, used 68920K [0x0000000744400000, 0x0000000800000000)
  region size 2048K, 16 young (32768K), 3 survivors (6144K)
 Metaspace       used 86750K, committed 87488K, reserved 1179648K
  class space    used 9416K, committed 9728K, reserved 1048576K
}
Event: 53.906 GC heap after
{Heap after GC invocations=20 (full 0):
 garbage-first heap   total reserved 3076096K, committed 83968K, used 44339K [0x0000000744400000, 0x0000000800000000)
  region size 2048K, 2 young (4096K), 2 survivors (4096K)
 Metaspace       used 86750K, committed 87488K, reserved 1179648K
  class space    used 9416K, committed 9728K, reserved 1048576K
}
Event: 102.658 GC heap before
{Heap before GC invocations=20 (full 0):
 garbage-first heap   total reserved 3076096K, committed 83968K, used 68915K [0x0000000744400000, 0x0000000800000000)
  region size 2048K, 15 young (30720K), 2 survivors (4096K)
 Metaspace       used 93785K, committed 94528K, reserved 1179648K
  class space    used 10170K, committed 10496K, reserved 1048576K
}
Event: 102.668 GC heap after
{Heap after GC invocations=21 (full 0):
 garbage-first heap   total reserved 3076096K, committed 83968K, used 45833K [0x0000000744400000, 0x0000000800000000)
  region size 2048K, 2 young (4096K), 2 survivors (4096K)
 Metaspace       used 93785K, committed 94528K, reserved 1179648K
  class space    used 10170K, committed 10496K, reserved 1048576K
}

Dll operation events (13 events):
Event: 0.022 Loaded shared library C:\Users\gabri\.jdks\openjdk-24.0.1\bin\java.dll
Event: 0.024 Loaded shared library C:\Users\gabri\.jdks\openjdk-24.0.1\bin\zip.dll
Event: 0.346 Loaded shared library C:\Users\gabri\.jdks\openjdk-24.0.1\bin\instrument.dll
Event: 0.408 Loaded shared library C:\Users\gabri\.jdks\openjdk-24.0.1\bin\jimage.dll
Event: 0.426 Loaded shared library C:\Users\gabri\.jdks\openjdk-24.0.1\bin\net.dll
Event: 0.427 Loaded shared library C:\Users\gabri\.jdks\openjdk-24.0.1\bin\nio.dll
Event: 0.446 Loaded shared library C:\Users\gabri\.jdks\openjdk-24.0.1\bin\zip.dll
Event: 0.606 Loaded shared library C:\Users\gabri\.jdks\openjdk-24.0.1\bin\management.dll
Event: 0.621 Loaded shared library C:\Users\gabri\.jdks\openjdk-24.0.1\bin\management_ext.dll
Event: 0.948 Loaded shared library C:\Users\gabri\.jdks\openjdk-24.0.1\bin\extnet.dll
Event: 2.974 Loaded shared library C:\Users\gabri\.jdks\openjdk-24.0.1\bin\sunmscapi.dll
Event: 5.619 Loaded shared library C:\Users\gabri\.jdks\openjdk-24.0.1\bin\verify.dll
Event: 102.669 Loaded shared library C:\Users\gabri\AppData\Local\Temp\idea_libasyncProfiler_dll_temp_folder\libasyncProfiler.dll

Deoptimization events (20 events):
Event: 54.372 Thread 0x00000268140e2d90 DEOPT PACKING pc=0x00000267b8c8ae8c sp=0x0000009d84bfa120
Event: 54.372 Thread 0x00000268140e2d90 DEOPT UNPACKING pc=0x00000267b8846642 sp=0x0000009d84bf95c8 mode 1
Event: 54.372 Thread 0x00000268140e2d90 DEOPT PACKING pc=0x00000267b8ce3e6c sp=0x0000009d84bfaa90
Event: 54.372 Thread 0x00000268140e2d90 DEOPT UNPACKING pc=0x00000267b8846642 sp=0x0000009d84bf9f58 mode 1
Event: 54.372 Thread 0x00000268140e2d90 DEOPT PACKING pc=0x00000267b8c8b551 sp=0x0000009d84bfa0c0
Event: 54.372 Thread 0x00000268140e2d90 DEOPT UNPACKING pc=0x00000267b8846642 sp=0x0000009d84bf9568 mode 1
Event: 54.372 Thread 0x00000268140e2d90 DEOPT PACKING pc=0x00000267b8c8ae8c sp=0x0000009d84bfa120
Event: 54.372 Thread 0x00000268140e2d90 DEOPT UNPACKING pc=0x00000267b8846642 sp=0x0000009d84bf95c8 mode 1
Event: 54.372 Thread 0x00000268140e2d90 DEOPT PACKING pc=0x00000267b8ce3e6c sp=0x0000009d84bfaa90
Event: 54.372 Thread 0x00000268140e2d90 DEOPT UNPACKING pc=0x00000267b8846642 sp=0x0000009d84bf9f58 mode 1
Event: 54.405 Thread 0x00000268140e2d90 DEOPT PACKING pc=0x00000267b8c8b551 sp=0x0000009d84bfac20
Event: 54.405 Thread 0x00000268140e2d90 DEOPT UNPACKING pc=0x00000267b8846642 sp=0x0000009d84bfa0c8 mode 1
Event: 54.405 Thread 0x00000268140e2d90 DEOPT PACKING pc=0x00000267b8c8ae8c sp=0x0000009d84bfac80
Event: 54.405 Thread 0x00000268140e2d90 DEOPT UNPACKING pc=0x00000267b8846642 sp=0x0000009d84bfa128 mode 1
Event: 54.405 Thread 0x00000268140e2d90 DEOPT PACKING pc=0x00000267b8ce3e6c sp=0x0000009d84bfb5f0
Event: 54.405 Thread 0x00000268140e2d90 DEOPT UNPACKING pc=0x00000267b8846642 sp=0x0000009d84bfaab8 mode 1
Event: 54.412 Thread 0x00000268140e2d90 DEOPT PACKING pc=0x00000267b8c8b551 sp=0x0000009d84bfa9b0
Event: 54.412 Thread 0x00000268140e2d90 DEOPT UNPACKING pc=0x00000267b8846642 sp=0x0000009d84bf9e58 mode 1
Event: 54.412 Thread 0x00000268140e2d90 DEOPT PACKING pc=0x00000267b8c8ae8c sp=0x0000009d84bfaa10
Event: 54.413 Thread 0x00000268140e2d90 DEOPT UNPACKING pc=0x00000267b8846642 sp=0x0000009d84bf9eb8 mode 1

Classes loaded (20 events):
Event: 102.709 Loading class org/springframework/web/util/pattern/PathPattern
Event: 102.709 Loading class org/springframework/web/util/pattern/PathPattern done
Event: 102.710 Loading class jakarta/servlet/http/Cookie
Event: 102.710 Loading class jakarta/servlet/http/Cookie done
Event: 102.711 Loading class jakarta/servlet/http/CookieNameValidator
Event: 102.711 Loading class jakarta/servlet/http/CookieNameValidator done
Event: 102.712 Loading class jakarta/servlet/http/RFC6265Validator
Event: 102.712 Loading class jakarta/servlet/http/RFC6265Validator done
Event: 102.713 Loading class java/util/Base64
Event: 102.713 Loading class java/util/Base64 done
Event: 102.713 Loading class java/util/Base64$Decoder
Event: 102.713 Loading class java/util/Base64$Decoder done
Event: 102.713 Loading class java/util/Base64$Encoder
Event: 102.713 Loading class java/util/Base64$Encoder done
Event: 102.714 Loading class org/springframework/session/jdbc/JdbcIndexedSessionRepository
Event: 102.714 Loading class org/springframework/session/jdbc/JdbcIndexedSessionRepository done
Event: 102.714 Loading class org/springframework/transaction/TransactionStatus
Event: 102.714 Loading class org/springframework/transaction/TransactionStatus done
Event: 102.714 Loading class org/springframework/transaction/TransactionStatus
Event: 102.714 Loading class org/springframework/transaction/TransactionStatus done

Classes unloaded (0 events):
No events

Classes redefined (1 events):
Event: 0.386 Thread 0x00000267c22e55a0 redefined class name=java.lang.Throwable, count=1

Internal exceptions (20 events):
Event: 8.984 Thread 0x00000267af2faff0 Exception <a 'java/lang/NoSuchMethodError'{0x00000007479600a0}: 'java.lang.Object java.lang.invoke.DirectMethodHandle$Holder.invokeVirtual(java.lang.Object, java.lang.Object, java.lang.Object, java.lang.Object, java.lang.Object, java.lang.Object, java.lang.Object, java.lang.Object, java.lang.Object, java.lang.Object)'> (0x00000007479600a0) 
thrown [s\open\src\hotspot\share\interpreter\linkResolver.cpp, line 805]
Event: 9.039 Thread 0x00000267af2faff0 Exception <a 'java/lang/NoSuchMethodError'{0x00000007fffad960}: 'java.lang.Object java.lang.invoke.DirectMethodHandle$Holder.invokeStatic(java.lang.Object, java.lang.Object, java.lang.Object, java.lang.Object, java.lang.Object, java.lang.Object, java.lang.Object, java.lang.Object, java.lang.Object, java.lang.Object, java.lang.Object)'> (0x00000007fffad960) 
thrown [s\open\src\hotspot\share\interpreter\linkResolver.cpp, line 805]
Event: 9.041 Thread 0x00000267af2faff0 Exception <a 'java/lang/NoSuchMethodError'{0x00000007fffe1fc8}: 'java.lang.Object java.lang.invoke.DirectMethodHandle$Holder.invokeStatic(java.lang.Object, java.lang.Object, java.lang.Object, java.lang.Object, java.lang.Object, java.lang.Object, java.lang.Object, java.lang.Object, java.lang.Object, java.lang.Object, java.lang.Object, java.lang.Object)'> (0x00000007fffe1fc8) 
thrown [s\open\src\hotspot\share\interpreter\linkResolver.cpp, line 805]
Event: 9.094 Thread 0x00000267af2faff0 Exception <a 'java/lang/IncompatibleClassChangeError'{0x000000074ffb4b08}: Found class java.lang.Object, but interface was expected> (0x000000074ffb4b08) 
thrown [s\open\src\hotspot\share\interpreter\linkResolver.cpp, line 872]
Event: 9.198 Thread 0x00000267af2faff0 Exception <a 'java/lang/NoSuchMethodError'{0x0000000748d72748}: 'int java.lang.invoke.DirectMethodHandle$Holder.invokeStatic(java.lang.Object, java.lang.Object, java.lang.Object, java.lang.Object, java.lang.Object)'> (0x0000000748d72748) 
thrown [s\open\src\hotspot\share\interpreter\linkResolver.cpp, line 805]
Event: 9.268 Thread 0x00000267af2faff0 Exception <a 'java/lang/ClassNotFoundException'{0x00000007488375e8}: com/sun/org/apache/xerces/internal/impl/xpath/regex/spi/messageProvider> (0x00000007488375e8) 
thrown [s\open\src\hotspot\share\classfile\systemDictionary.cpp, line 327]
Event: 9.417 Thread 0x00000267af2faff0 Exception <a 'java/lang/NoSuchMethodError'{0x0000000748547d60}: 'java.lang.Object java.lang.invoke.DirectMethodHandle$Holder.newInvokeSpecial(java.lang.Object, java.lang.Object, java.lang.Object, java.lang.Object, java.lang.Object, int)'> (0x0000000748547d60) 
thrown [s\open\src\hotspot\share\interpreter\linkResolver.cpp, line 805]
Event: 9.418 Thread 0x00000267af2faff0 Exception <a 'java/lang/NoSuchMethodError'{0x00000007485509e0}: 'java.lang.Object java.lang.invoke.DelegatingMethodHandle$Holder.reinvoke_L(java.lang.Object, java.lang.Object, java.lang.Object, java.lang.Object, java.lang.Object, int)'> (0x00000007485509e0) 
thrown [s\open\src\hotspot\share\interpreter\linkResolver.cpp, line 805]
Event: 9.457 Thread 0x00000267af2faff0 Exception <a 'java/lang/NoSuchMethodError'{0x00000007483e8048}: 'java.lang.Object java.lang.invoke.DirectMethodHandle$Holder.newInvokeSpecial(java.lang.Object, java.lang.Object, int, java.lang.Object, java.lang.Object)'> (0x00000007483e8048) 
thrown [s\open\src\hotspot\share\interpreter\linkResolver.cpp, line 805]
Event: 9.974 Thread 0x0000026809351530 Exception <a 'java/lang/NoSuchMethodError'{0x0000000747f99948}: 'java.lang.Object java.lang.invoke.DirectMethodHandle$Holder.invokeInterface(java.lang.Object, java.lang.Object, java.lang.Object, java.lang.Object, java.lang.Object, java.lang.Object, java.lang.Object)'> (0x0000000747f99948) 
thrown [s\open\src\hotspot\share\interpreter\linkResolver.cpp, line 805]
Event: 53.864 Thread 0x00000268140ea290 Exception <a 'java/lang/NoSuchMethodError'{0x0000000747d8fdf8}: 'java.lang.Object java.lang.invoke.DirectMethodHandle$Holder.invokeStatic(java.lang.Object, java.lang.Object, java.lang.Object, int, int)'> (0x0000000747d8fdf8) 
thrown [s\open\src\hotspot\share\interpreter\linkResolver.cpp, line 805]
Event: 53.865 Thread 0x00000268140ea290 Exception <a 'java/lang/NoSuchMethodError'{0x0000000747d97e50}: 'java.lang.Object java.lang.invoke.DirectMethodHandle$Holder.invokeStaticInit(java.lang.Object, java.lang.Object, java.lang.Object, int, int)'> (0x0000000747d97e50) 
thrown [s\open\src\hotspot\share\interpreter\linkResolver.cpp, line 805]
Event: 53.968 Thread 0x00000268140e2d90 Exception <a 'java/lang/NoSuchMethodError'{0x00000007ffee2e50}: 'java.lang.Object java.lang.invoke.DirectMethodHandle$Holder.invokeSpecial(java.lang.Object, java.lang.Object, java.lang.Object, java.lang.Object, java.lang.Object, long)'> (0x00000007ffee2e50) 
thrown [s\open\src\hotspot\share\interpreter\linkResolver.cpp, line 805]
Event: 53.968 Thread 0x00000268140e2d90 Exception <a 'java/lang/NoSuchMethodError'{0x00000007ffeeb7a0}: 'java.lang.Object java.lang.invoke.DirectMethodHandle$Holder.invokeSpecial(java.lang.Object, java.lang.Object, java.lang.Object, java.lang.Object, java.lang.Object, java.lang.Object, long)'> (0x00000007ffeeb7a0) 
thrown [s\open\src\hotspot\share\interpreter\linkResolver.cpp, line 805]
Event: 53.969 Thread 0x00000268140e2d90 Exception <a 'java/lang/NoSuchMethodError'{0x00000007ffef3b38}: 'java.lang.Object java.lang.invoke.DelegatingMethodHandle$Holder.reinvoke_L(java.lang.Object, java.lang.Object, java.lang.Object, java.lang.Object, java.lang.Object, long)'> (0x00000007ffef3b38) 
thrown [s\open\src\hotspot\share\interpreter\linkResolver.cpp, line 805]
Event: 53.970 Thread 0x00000268140e2d90 Exception <a 'java/lang/NoSuchMethodError'{0x00000007fff03f40}: 'java.lang.Object java.lang.invoke.Invokers$Holder.linkToTargetMethod(java.lang.Object, java.lang.Object, java.lang.Object, long, java.lang.Object)'> (0x00000007fff03f40) 
thrown [s\open\src\hotspot\share\interpreter\linkResolver.cpp, line 805]
Event: 54.104 Thread 0x00000268140e2d90 Exception <a 'java/lang/NoSuchMethodError'{0x000000074fecc8d8}: 'java.lang.Object java.lang.invoke.DirectMethodHandle$Holder.invokeStatic(java.lang.Object, int, int)'> (0x000000074fecc8d8) 
thrown [s\open\src\hotspot\share\interpreter\linkResolver.cpp, line 805]
Event: 54.484 Thread 0x00000268140e2d90 Exception <a 'sun/nio/fs/WindowsException'{0x0000000748cc1e50}> (0x0000000748cc1e50) 
thrown [s\open\src\hotspot\share\prims\jni.cpp, line 518]
Event: 55.990 Thread 0x00000268140e2d90 Exception <a 'java/lang/ClassNotFoundException'{0x000000074811ccd8}: com/intellij/rt/debugger/BatchEvaluatorServer> (0x000000074811ccd8) 
thrown [s\open\src\hotspot\share\classfile\systemDictionary.cpp, line 327]
Event: 102.604 Thread 0x00000268140e2d90 Exception <a 'java/lang/ClassNotFoundException'{0x0000000747de66f0}: kotlinx/coroutines/debug/internal/DebugProbesImpl> (0x0000000747de66f0) 
thrown [s\open\src\hotspot\share\classfile\systemDictionary.cpp, line 327]

VM Operations (20 events):
Event: 55.994 Executing VM operation: get/set locals
Event: 55.994 Executing VM operation: get/set locals done
Event: 60.186 Executing VM operation: HandshakeAllThreads (HandshakeForDeflation)
Event: 60.186 Executing VM operation: HandshakeAllThreads (HandshakeForDeflation) done
Event: 60.186 Executing VM operation: RendezvousGCThreads
Event: 60.186 Executing VM operation: RendezvousGCThreads done
Event: 83.781 Executing VM operation: get/set locals
Event: 83.781 Executing VM operation: get/set locals done
Event: 83.781 Executing VM operation: get/set locals
Event: 83.781 Executing VM operation: get/set locals done
Event: 83.781 Executing VM operation: get/set locals
Event: 83.781 Executing VM operation: get/set locals done
Event: 83.781 Executing VM operation: get/set locals
Event: 83.781 Executing VM operation: get/set locals done
Event: 83.782 Executing VM operation: get/set locals
Event: 83.782 Executing VM operation: get/set locals done
Event: 83.785 Executing VM operation: get/set locals
Event: 83.785 Executing VM operation: get/set locals done
Event: 102.658 Executing VM operation: G1CollectForAllocation (G1 Evacuation Pause)
Event: 102.668 Executing VM operation: G1CollectForAllocation (G1 Evacuation Pause) done

Memory protections (0 events):
No events

Nmethod flushes (20 events):
Event: 9.047 Thread 0x00000267c22e55a0 flushing  nmethod 0x00000267b8f99708
Event: 9.047 Thread 0x00000267c22e55a0 flushing  nmethod 0x00000267b8f9a288
Event: 9.047 Thread 0x00000267c22e55a0 flushing  nmethod 0x00000267b9007888
Event: 9.047 Thread 0x00000267c22e55a0 flushing  nmethod 0x00000267b9021488
Event: 9.047 Thread 0x00000267c22e55a0 flushing  nmethod 0x00000267b9068208
Event: 9.047 Thread 0x00000267c22e55a0 flushing  nmethod 0x00000267b906d108
Event: 9.047 Thread 0x00000267c22e55a0 flushing  nmethod 0x00000267b90b3608
Event: 9.047 Thread 0x00000267c22e55a0 flushing  nmethod 0x00000267b91b3c08
Event: 9.047 Thread 0x00000267c22e55a0 flushing  nmethod 0x00000267b8912788
Event: 9.047 Thread 0x00000267c22e55a0 flushing  nmethod 0x00000267b8c7c688
Event: 9.047 Thread 0x00000267c22e55a0 flushing  nmethod 0x00000267b8da4a88
Event: 9.047 Thread 0x00000267c22e55a0 flushing  nmethod 0x00000267b8e74308
Event: 9.047 Thread 0x00000267c22e55a0 flushing  nmethod 0x00000267b8eae008
Event: 9.047 Thread 0x00000267c22e55a0 flushing  nmethod 0x00000267b8ed5e88
Event: 9.047 Thread 0x00000267c22e55a0 flushing  nmethod 0x00000267b8fed488
Event: 9.047 Thread 0x00000267c22e55a0 flushing  nmethod 0x00000267b902cc88
Event: 9.047 Thread 0x00000267c22e55a0 flushing  nmethod 0x00000267b902e488
Event: 9.047 Thread 0x00000267c22e55a0 flushing  nmethod 0x00000267b9059508
Event: 9.047 Thread 0x00000267c22e55a0 flushing  nmethod 0x00000267b905de88
Event: 9.047 Thread 0x00000267c22e55a0 flushing  nmethod 0x00000267b91a3808

Events (20 events):
Event: 9.901 Thread 0x000002680bcf2b80 Thread exited: 0x000002680bcf2b80
Event: 9.958 Thread 0x0000026809351530 Thread added: 0x00000268140ec720
Event: 9.966 Thread 0x00000268140ec720 Thread exited: 0x00000268140ec720
Event: 9.967 Thread 0x0000026809351530 Thread added: 0x00000268140e93f0
Event: 9.981 Thread 0x00000268140e93f0 Thread exited: 0x00000268140e93f0
Event: 9.983 Thread 0x0000026809351530 Thread added: 0x00000268140ebfd0
Event: 9.995 Thread 0x00000268140ebfd0 Thread exited: 0x00000268140ebfd0
Event: 19.421 Thread 0x000002680892a8a0 Thread exited: 0x000002680892a8a0
Event: 24.421 Thread 0x00000267c244d820 Thread exited: 0x00000267c244d820
Event: 24.421 Thread 0x00000267c244a470 Thread exited: 0x00000267c244a470
Event: 54.157 Thread 0x00000267c23080e0 Thread added: 0x0000026814300560
Event: 56.329 Thread 0x00000267c23080e0 Thread added: 0x0000026814307e60
Event: 56.329 Thread 0x00000267c23080e0 Thread added: 0x0000026814308d80
Event: 61.532 Thread 0x0000026814308d80 Thread exited: 0x0000026814308d80
Event: 66.532 Thread 0x0000026814307e60 Thread exited: 0x0000026814307e60
Event: 66.534 Thread 0x0000026814300560 Thread exited: 0x0000026814300560
Event: 83.683 Thread 0x00000268140e2d90 Thread added: 0x000002681477ce70
Event: 83.683 Thread 0x000002681477ce70 Thread exited: 0x000002681477ce70
Event: 102.676 Thread 0x00000268140e2d90 Thread added: 0x000002681477ce70
Event: 102.680 Thread 0x000002681477ce70 Thread exited: 0x000002681477ce70


Dynamic libraries:
0x00007ff766ca0000 - 0x00007ff766cae000 	C:\Users\gabri\.jdks\openjdk-24.0.1\bin\java.exe
0x00007ffcfd9c0000 - 0x00007ffcfdc28000 	C:\WINDOWS\SYSTEM32\ntdll.dll
0x00007ffcfce90000 - 0x00007ffcfcf59000 	C:\WINDOWS\System32\KERNEL32.DLL
0x00007ffcfb360000 - 0x00007ffcfb758000 	C:\WINDOWS\System32\KERNELBASE.dll
0x00007ffcfae90000 - 0x00007ffcfafdb000 	C:\WINDOWS\System32\ucrtbase.dll
0x00007ffcea770000 - 0x00007ffcea78b000 	C:\Users\gabri\.jdks\openjdk-24.0.1\bin\VCRUNTIME140.dll
0x00007ffcea020000 - 0x00007ffcea036000 	C:\Users\gabri\.jdks\openjdk-24.0.1\bin\jli.dll
0x00007ffcfd370000 - 0x00007ffcfd537000 	C:\WINDOWS\System32\USER32.dll
0x00007ffce2450000 - 0x00007ffce26e4000 	C:\WINDOWS\WinSxS\amd64_microsoft.windows.common-controls_6595b64144ccf1df_6.0.26100.7019_none_3e06ffa0e335b8a8\COMCTL32.dll
0x00007ffcfca90000 - 0x00007ffcfcb39000 	C:\WINDOWS\System32\msvcrt.dll
0x00007ffcfacf0000 - 0x00007ffcfad17000 	C:\WINDOWS\System32\win32u.dll
0x00007ffcfce60000 - 0x00007ffcfce8b000 	C:\WINDOWS\System32\GDI32.dll
0x00007ffcfab10000 - 0x00007ffcfac3c000 	C:\WINDOWS\System32\gdi32full.dll
0x00007ffcfac40000 - 0x00007ffcface3000 	C:\WINDOWS\System32\msvcp_win.dll
0x00007ffcfc4d0000 - 0x00007ffcfc501000 	C:\WINDOWS\System32\IMM32.DLL
0x00007ffce38c0000 - 0x00007ffce38cc000 	C:\Users\gabri\.jdks\openjdk-24.0.1\bin\vcruntime140_1.dll
0x00007ffcd2900000 - 0x00007ffcd298e000 	C:\Users\gabri\.jdks\openjdk-24.0.1\bin\msvcp140.dll
0x00007ffc550c0000 - 0x00007ffc55e62000 	C:\Users\gabri\.jdks\openjdk-24.0.1\bin\server\jvm.dll
0x00007ffcfd880000 - 0x00007ffcfd934000 	C:\WINDOWS\System32\ADVAPI32.dll
0x00007ffcfcbc0000 - 0x00007ffcfcc66000 	C:\WINDOWS\System32\sechost.dll
0x00007ffcfc250000 - 0x00007ffcfc368000 	C:\WINDOWS\System32\RPCRT4.dll
0x00007ffcfc060000 - 0x00007ffcfc0d4000 	C:\WINDOWS\System32\WS2_32.dll
0x00007ffcfa970000 - 0x00007ffcfa9ce000 	C:\WINDOWS\SYSTEM32\POWRPROF.dll
0x00007ffcf8460000 - 0x00007ffcf8495000 	C:\WINDOWS\SYSTEM32\WINMM.dll
0x00007ffce9d70000 - 0x00007ffce9d7b000 	C:\WINDOWS\SYSTEM32\VERSION.dll
0x00007ffcfa950000 - 0x00007ffcfa964000 	C:\WINDOWS\SYSTEM32\UMPDC.dll
0x00007ffcf9890000 - 0x00007ffcf98ab000 	C:\WINDOWS\SYSTEM32\kernel.appcore.dll
0x00007ffce38b0000 - 0x00007ffce38ba000 	C:\Users\gabri\.jdks\openjdk-24.0.1\bin\jimage.dll
0x00007ffcf8050000 - 0x00007ffcf8292000 	C:\WINDOWS\SYSTEM32\DBGHELP.DLL
0x00007ffcfcf60000 - 0x00007ffcfd2eb000 	C:\WINDOWS\System32\combase.dll
0x00007ffcfc9b0000 - 0x00007ffcfca87000 	C:\WINDOWS\System32\OLEAUT32.dll
0x00007ffcf8420000 - 0x00007ffcf845c000 	C:\WINDOWS\SYSTEM32\dbgcore.DLL
0x00007ffcfb0a0000 - 0x00007ffcfb145000 	C:\WINDOWS\System32\bcryptPrimitives.dll
0x00007ffce0ef0000 - 0x00007ffce0f2c000 	C:\Users\gabri\.jdks\openjdk-24.0.1\bin\jdwp.dll
0x00007ffc8cbd0000 - 0x00007ffc8cdde000 	C:\Users\gabri\AppData\Local\Temp\idea_libasyncProfiler_dll_temp_folder\libasyncProfiler.dll
0x00007ffcea7d0000 - 0x00007ffcea7df000 	C:\Users\gabri\.jdks\openjdk-24.0.1\bin\instrument.dll
0x00007ffce3890000 - 0x00007ffce38ae000 	C:\Users\gabri\.jdks\openjdk-24.0.1\bin\java.dll
0x00007ffcfb760000 - 0x00007ffcfb8f7000 	C:\WINDOWS\System32\ole32.dll
0x00007ffcfb900000 - 0x00007ffcfc04f000 	C:\WINDOWS\System32\SHELL32.dll
0x00007ffcfad20000 - 0x00007ffcfae8b000 	C:\WINDOWS\System32\wintypes.dll
0x00007ffce3680000 - 0x00007ffce3697000 	C:\Users\gabri\.jdks\openjdk-24.0.1\bin\zip.dll
0x00007ffcf86f0000 - 0x00007ffcf8f4d000 	C:\WINDOWS\SYSTEM32\windows.storage.dll
0x00007ffcfccd0000 - 0x00007ffcfcdc2000 	C:\WINDOWS\System32\SHCORE.dll
0x00007ffcfcb40000 - 0x00007ffcfcba7000 	C:\WINDOWS\System32\shlwapi.dll
0x00007ffcfaa30000 - 0x00007ffcfaa59000 	C:\WINDOWS\SYSTEM32\profapi.dll
0x00007ffcea010000 - 0x00007ffcea01c000 	C:\Users\gabri\.jdks\openjdk-24.0.1\bin\dt_socket.dll
0x00007ffcf9280000 - 0x00007ffcf92b4000 	C:\WINDOWS\SYSTEM32\IPHLPAPI.DLL
0x00007ffcf9de0000 - 0x00007ffcf9e4b000 	C:\WINDOWS\system32\mswsock.dll
0x00007ffce3880000 - 0x00007ffce3890000 	C:\Users\gabri\.jdks\openjdk-24.0.1\bin\net.dll
0x00007ffce3860000 - 0x00007ffce3876000 	C:\Users\gabri\.jdks\openjdk-24.0.1\bin\nio.dll
0x00007ffcf9310000 - 0x00007ffcf943c000 	C:\WINDOWS\SYSTEM32\DNSAPI.dll
0x00007ffcfd540000 - 0x00007ffcfd54a000 	C:\WINDOWS\System32\NSI.dll
0x00007ffcec440000 - 0x00007ffcec44b000 	C:\Windows\System32\rasadhlp.dll
0x00007ffcf4390000 - 0x00007ffcf4416000 	C:\WINDOWS\System32\fwpuclnt.dll
0x00007ffcdd9d0000 - 0x00007ffcdd9da000 	C:\Users\gabri\.jdks\openjdk-24.0.1\bin\management.dll
0x00007ffcdb0e0000 - 0x00007ffcdb0eb000 	C:\Users\gabri\.jdks\openjdk-24.0.1\bin\management_ext.dll
0x00007ffcfd940000 - 0x00007ffcfd948000 	C:\WINDOWS\System32\PSAPI.DLL
0x00007ffcfa1d0000 - 0x00007ffcfa1eb000 	C:\WINDOWS\SYSTEM32\CRYPTSP.dll
0x00007ffcf97f0000 - 0x00007ffcf982a000 	C:\WINDOWS\system32\rsaenh.dll
0x00007ffcf9e90000 - 0x00007ffcf9ebb000 	C:\WINDOWS\SYSTEM32\USERENV.dll
0x00007ffcfaa00000 - 0x00007ffcfaa2a000 	C:\WINDOWS\SYSTEM32\bcrypt.dll
0x00007ffcfa030000 - 0x00007ffcfa03c000 	C:\WINDOWS\SYSTEM32\CRYPTBASE.dll
0x00007ffcda420000 - 0x00007ffcda438000 	C:\WINDOWS\system32\napinsp.dll
0x00007ffcda3b0000 - 0x00007ffcda3c2000 	C:\WINDOWS\System32\winrnr.dll
0x00007ffcda380000 - 0x00007ffcda3a2000 	C:\WINDOWS\system32\nlansp_c.dll
0x00007ffcec470000 - 0x00007ffcec486000 	C:\WINDOWS\system32\wshbth.dll
0x00007ffcdd9e0000 - 0x00007ffcdd9e9000 	C:\Users\gabri\.jdks\openjdk-24.0.1\bin\extnet.dll
0x00007ffcea790000 - 0x00007ffcea79e000 	C:\Users\gabri\.jdks\openjdk-24.0.1\bin\sunmscapi.dll
0x00007ffcfb1e0000 - 0x00007ffcfb357000 	C:\WINDOWS\System32\CRYPT32.dll
0x00007ffcfa320000 - 0x00007ffcfa350000 	C:\WINDOWS\SYSTEM32\ncrypt.dll
0x00007ffcfa2d0000 - 0x00007ffcfa30f000 	C:\WINDOWS\SYSTEM32\NTASN1.dll
0x00007ffcdb0d0000 - 0x00007ffcdb0e0000 	C:\Users\gabri\.jdks\openjdk-24.0.1\bin\verify.dll
0x00007ffce5720000 - 0x00007ffce5728000 	C:\WINDOWS\system32\wshunix.dll

JVMTI agents:
jdwp path:C:\Users\gabri\.jdks\openjdk-24.0.1\bin\jdwp.dll, loaded, initialized, options:transport=dt_socket,address=127.0.0.1:51475,suspend=y,server=n
C:\Users\gabri\AppData\Local\Temp\idea_libasyncProfiler_dll_temp_folder\libasyncProfiler.dll path:C:\Users\gabri\AppData\Local\Temp\idea_libasyncProfiler_dll_temp_folder\libasyncProfiler.dll, loaded, initialized, options:version,jfr,event=wall,interval=10ms,cstack=no,file=C:\Users\gabri\IdeaSnapshots\SquadApiApplication_2025_11_20_233329.jfr,dbghelppath=C:\Users\gabri\AppData\Local\Temp\idea_dbghelp_dll_temp_folder\dbghelp.dll,log=C:\Users\gabri\AppData\Local\Temp\SquadApiApplication_2025_11_20_233329.jfr.log.txt,logLevel=DEBUG
C:\Users\gabri\AppData\Local\JetBrains\IntelliJIdea2024.3\captureAgent\debugger-agent.jar path:C:\Users\gabri\.jdks\openjdk-24.0.1\bin\instrument.dll, loaded, initialized, instrumentlib options:none

dbghelp: loaded successfully - version: 4.0.5 - missing functions: none
symbol engine: initialized successfully - sym options: 0x614 - pdb path: .;C:\Users\gabri\.jdks\openjdk-24.0.1\bin;C:\WINDOWS\SYSTEM32;C:\WINDOWS\WinSxS\amd64_microsoft.windows.common-controls_6595b64144ccf1df_6.0.26100.7019_none_3e06ffa0e335b8a8;C:\Users\gabri\.jdks\openjdk-24.0.1\bin\server;C:\Users\gabri\AppData\Local\Temp\idea_libasyncProfiler_dll_temp_folder

VM Arguments:
jvm_args: -agentlib:jdwp=transport=dt_socket,address=127.0.0.1:51475,suspend=y,server=n -agentpath:C:\Users\gabri\AppData\Local\Temp\idea_libasyncProfiler_dll_temp_folder\libasyncProfiler.dll=version,jfr,event=wall,interval=10ms,cstack=no,file=C:\Users\gabri\IdeaSnapshots\SquadApiApplication_2025_11_20_233329.jfr,dbghelppath=C:\Users\gabri\AppData\Local\Temp\idea_dbghelp_dll_temp_folder\dbghelp.dll,log=C:\Users\gabri\AppData\Local\Temp\SquadApiApplication_2025_11_20_233329.jfr.log.txt,logLevel=DEBUG -XX:TieredStopAtLevel=1 -Dspring.output.ansi.enabled=always -Dcom.sun.management.jmxremote -Dspring.jmx.enabled=true -Dspring.liveBeansView.mbeanDomain -Dspring.application.admin.enabled=true -Dmanagement.endpoints.jmx.exposure.include=* -javaagent:C:\Users\gabri\AppData\Local\JetBrains\IntelliJIdea2024.3\captureAgent\debugger-agent.jar -Dkotlinx.coroutines.debug.enable.creation.stack.trace=false -Ddebugger.agent.enable.coroutines=true -Dkotlinx.coroutines.debug.enable.flows.stack.trace=true -Dkotlinx.coroutines.debug.enable.mutable.state.flows.stack.trace=true -Dfile.encoding=UTF-8 -Dsun.stdout.encoding=UTF-8 -Dsun.stderr.encoding=UTF-8 
java_command: squad_api.squad_api.SquadApiApplicationKt
java_class_path (initial): C:\Users\gabri\OneDrive\rea de Trabalho\POPS - PROJETOS\pops-squad-api\squad-api\squad-api\target\classes;C:\Users\gabri\.m2\repository\org\springframework\boot\spring-boot-starter-web\3.5.6\spring-boot-starter-web-3.5.6.jar;C:\Users\gabri\.m2\repository\org\springframework\boot\spring-boot-starter\3.5.6\spring-boot-starter-3.5.6.jar;C:\Users\gabri\.m2\repository\org\springframework\boot\spring-boot\3.5.6\spring-boot-3.5.6.jar;C:\Users\gabri\.m2\repository\org\springframework\boot\spring-boot-autoconfigure\3.5.6\spring-boot-autoconfigure-3.5.6.jar;C:\Users\gabri\.m2\repository\org\springframework\boot\spring-boot-starter-logging\3.5.6\spring-boot-starter-logging-3.5.6.jar;C:\Users\gabri\.m2\repository\ch\qos\logback\logback-classic\1.5.18\logback-classic-1.5.18.jar;C:\Users\gabri\.m2\repository\ch\qos\logback\logback-core\1.5.18\logback-core-1.5.18.jar;C:\Users\gabri\.m2\repository\org\apache\logging\log4j\log4j-to-slf4j\2.24.3\log4j-to-slf4j-2.24.3.jar;C:\Users\gabri\.m2\repository\org\apache\logging\log4j\log4j-api\2.24.3\log4j-api-2.24.3.jar;C:\Users\gabri\.m2\repository\org\slf4j\jul-to-slf4j\2.0.17\jul-to-slf4j-2.0.17.jar;C:\Users\gabri\.m2\repository\jakarta\annotation\jakarta.annotation-api\2.1.1\jakarta.annotation-api-2.1.1.jar;C:\Users\gabri\.m2\repository\org\yaml\snakeyaml\2.4\snakeyaml-2.4.jar;C:\Users\gabri\.m2\repository\org\springframework\boot\spring-boot-starter-json\3.5.6\spring-boot-starter-json-3.5.6.jar;C:\Users\gabri\.m2\repository\com\fasterxml\jackson\datatype\jackson-datatype-jdk8\2.19.2\jackson-datatype-jdk8-2.19.2.jar;C:\Users\gabri\.m2\repository\com\fasterxml\jackson\datatype\jackson-datatype-jsr310\2.19.2\jackson-datatype-jsr310-2.19.2.jar;C:\Users\gabri\.m2\repository\com\fasterxml\jackson\module\jackson-module-parameter-names\2.19.2\jackson-module-parameter-names-2.19.2.jar;C:\Users\gabri\.m2\repository\org\springframework\boot\spring-boot-starter-tomcat\3.5.6\spring-boot-starter-tomcat-3.5.6.jar;C:\Users\gabri\.m2\repository\org\apache\tomcat\embed\tomcat-embed-core\10.1.46\tomcat-embed-core-10.1.46.jar;C:\Users\gabri\.m2\repository\org\apache\tomcat\embed\tomcat-embed-el\10.1.46\tomcat-embed-el-10.1.46.jar;C:\Users\gabri\.m2\repository\org\apache\tomcat\embed\tomcat-embed-websocket\10.1.46\tomcat-embed-websocket-10.1.46.jar;C:\Users\gabri\.m2\repository\org\springframework\spring-web\6.2.11\spring-web-6.2.11.jar;C:\Users\gabri\.m2\repository\org\springframework\spring-beans\6.2.11\spring-beans-6.2.11.jar;C:\Users\gabri\.m2\repository\io\micrometer\micrometer-observation\1.15.4\micrometer-observation-1.15.4.jar;C:\Users\gabri\.m2\repository\io\micrometer\micrometer-commons\1.15.4\micrometer-commons-1.15.4.jar;C:\Users\gabri\.m2\repository\org\springframework\spring-webmvc\6.2.11\spring-webmvc-6.2.11.jar;C:\Users\gabri\.m2\repository\org\springframework\spring-expression\6.2.11\spring-expression-6.2.11.jar;C:\Users\gabri\.m2\repository\org\springframework\boot\spring-boot-starter-data-jpa\3.5.6\spring-boot-starter-data-jpa-3.5.6.jar;C:\Users\gabri\.m2\repository\org\springframework\boot\spring-boot-starter-jdbc\3.5.6\spring-boot-starter-jdbc-3.5.6.jar;C:\Users\gabri\.m2\repository\com\zaxxer\HikariCP\6.3.3\HikariCP-6.3.3.jar;C:\Users\gabri\.m2\repository\org\hibernate\orm\hibernate-core\6.6.29.Final\hibernate-core-6.6.29.Final.jar;C:\Users\gabri\.m2\repository\jakarta\persistence\jakarta.persistence-api\3.1.0\jakarta.persistence-api-3.1.0.jar;C:\Users\gabri\.m2\repository\jakarta\transaction\jakarta.transaction-api\2.0.1\jakarta.transaction-api-2.0.1.jar;C:\Users\gabri\.m2\repository\org\jboss\logging\jboss-logging\3.6.1.Final\jboss-logging-3.6.1.Final.jar;C:\Users\gabri\.m2\repository\org\hibernate\common\hibernate-commons-annotations\7.0.3.Final\hibernate-commons-annotations-7.0.3.Final.jar;C:\Users\gabri\.m2\repository\io\smallrye\jandex\3.2.0\jandex-3.2.0.jar;C:\Users\gabri\.m2\repository\com\fasterxml\classmate\1.7.0\classmate-1.7.0.jar;C:\Users\gabri\.m2\repository\net\bytebuddy\byte-buddy\1.17.7\byte-buddy-1.17.7.jar;C:\Users\gabri\.m2\repository\org\glassfish\jaxb\jaxb-runtime\4.0.5\jaxb-runtime-4.0.5.jar;C:\Users\gabri\.m2\repository\org\glassfish\jaxb\jaxb-core\4.0.5\jaxb-core-4.0.5.jar;C:\Users\gabri\.m2\repository\org\eclipse\angus\angus-activation\2.0.2\angus-activation-2.0.2.jar;C:\Users\gabri\.m2\repository\org\glassfish\jaxb\txw2\4.0.5\txw2-4.0.5.jar;C:\Users\gabri\.m2\repository\com\sun\istack\istack-commons-runtime\4.1.2\istack-commons-runtime-4.1.2.jar;C:\Users\gabri\.m2\repository\jakarta\inject\jakarta.inject-api\2.0.1\jakarta.inject-api-2.0.1.jar;C:\Users\gabri\.m2\repository\org\antlr\antlr4-runtime\4.13.0\antlr4-runtime-4.13.0.jar;C:\Users\gabri\.m2\repository\org\springframework\data\spring-data-jpa\3.5.4\spring-data-jpa-3.5.4.jar;C:\Users\gabri\.m2\repository\org\springframework\data\spring-data-commons\3.5.4\spring-data-commons-3.5.4.jar;C:\Users\gabri\.m2\repository\org\springframework\spring-orm\6.2.11\spring-orm-6.2.11.jar;C:\Users\gabri\.m2\repository\org\springframework\spring-tx\6.2.11\spring-tx-6.2.11.jar;C:\Users\gabri\.m2\repository\org\springframework\spring-aspects\6.2.11\spring-aspects-6.2.11.jar;C:\Users\gabri\.m2\repository\org\aspectj\aspectjweaver\1.9.24\aspectjweaver-1.9.24.jar;C:\Users\gabri\.m2\repository\com\fasterxml\jackson\module\jackson-module-kotlin\2.19.2\jackson-module-kotlin-2.19.2.jar;C:\Users\gabri\.m2\repository\com\fasterxml\jackson\core\jackson-databind\2.19.2\jackson-databind-2.19.2.jar;C:\Users\gabri\.m2\repository\com\fasterxml\jackson\core\jackson-core\2.19.2\jackson-core-2.19.2.jar;C:\Users\gabri\.m2\repository\com\fasterxml\jackson\core\jackson-annotations\2.19.2\jackson-annotations-2.19.2.jar;C:\Users\gabri\.m2\repository\org\jetbrains\kotlin\kotlin-reflect\1.9.25\kotlin-reflect-1.9.25.jar;C:\Users\gabri\.m2\repository\org\jetbrains\kotlin\kotlin-stdlib\1.9.25\kotlin-stdlib-1.9.25.jar;C:\Users\gabri\.m2\repository\org\jetbrains\annotations\13.0\annotations-13.0.jar;C:\Users\gabri\.m2\repository\org\springframework\modulith\spring-modulith-starter-core\1.4.3\spring-modulith-starter-core-1.4.3.jar;C:\Users\gabri\.m2\repository\org\springframework\modulith\spring-modulith-api\1.4.3\spring-modulith-api-1.4.3.jar;C:\Users\gabri\.m2\repository\org\springframework\modulith\spring-modulith-apt\1.4.3\spring-modulith-apt-1.4.3.jar;C:\Users\gabri\.m2\repository\org\springframework\boot\spring-boot-configuration-processor\3.5.6\spring-boot-configuration-processor-3.5.6.jar;C:\Users\gabri\.m2\repository\org\springframework\modulith\spring-modulith-core\1.4.3\spring-modulith-core-1.4.3.jar;C:\Users\gabri\.m2\repository\com\tngtech\archunit\archunit\1.4.1\archunit-1.4.1.jar;C:\Users\gabri\.m2\repository\org\springframework\modulith\spring-modulith-moments\1.4.3\spring-modulith-moments-1.4.3.jar;C:\Users\gabri\.m2\repository\org\jmolecules\jmolecules-events\1.10.0\jmolecules-events-1.10.0.jar;C:\Users\gabri\.m2\repository\org\springframework\session\spring-session-jdbc\3.5.2\spring-session-jdbc-3.5.2.jar;C:\Users\gabri\.m2\repository\org\springframework\session\spring-session-core\3.5.2\spring-session-core-3.5.2.jar;C:\Users\gabri\.m2\repository\org\springframework\spring-jcl\6.2.11\spring-jcl-6.2.11.jar;C:\Users\gabri\.m2\repository\org\springframework\spring-context\6.2.11\spring-context-6.2.11.jar;C:\Users\gabri\.m2\repository\org\springframework\spring-jdbc\6.2.11\spring-jdbc-6.2.11.jar;C:\Users\gabri\.m2\repository\com\mysql\mysql-connector-j\9.4.0\mysql-connector-j-9.4.0.jar;C:\Users\gabri\.m2\repository\jakarta\xml\bind\jakarta.xml.bind-api\4.0.2\jakarta.xml.bind-api-4.0.2.jar;C:\Users\gabri\.m2\repository\jakarta\activation\jakarta.activation-api\2.1.4\jakarta.activation-api-2.1.4.jar;C:\Users\gabri\.m2\repository\org\springframework\spring-core\6.2.11\spring-core-6.2.11.jar;C:\Users\gabri\.m2\repository\com\google\firebase\firebase-admin\9.2.0\firebase-admin-9.2.0.jar;C:\Users\gabri\.m2\repository\com\google\api-client\google-api-client\2.2.0\google-api-client-2.2.0.jar;C:\Users\gabri\.m2\repository\commons-codec\commons-codec\1.18.0\commons-codec-1.18.0.jar;C:\Users\gabri\.m2\repository\com\google\oauth-client\google-oauth-client\1.34.1\google-oauth-client-1.34.1.jar;C:\Users\gabri\.m2\repository\com\google\http-client\google-http-client-gson\1.42.3\google-http-client-gson-1.42.3.jar;C:\Users\gabri\.m2\repository\com\google\http-client\google-http-client-apache-v2\1.42.3\google-http-client-apache-v2-1.42.3.jar;C:\Users\gabri\.m2\repository\org\apache\httpcomponents\httpcore\4.4.16\httpcore-4.4.16.jar;C:\Users\gabri\.m2\repository\org\apache\httpcomponents\httpclient\4.5.14\httpclient-4.5.14.jar;C:\Users\gabri\.m2\repository\com\google\api-client\google-api-client-gson\2.2.0\google-api-client-gson-2.2.0.jar;C:\Users\gabri\.m2\repository\com\google\http-client\google-http-client\1.43.1\google-http-client-1.43.1.jar;C:\Users\gabri\.m2\repository\com\google\code\findbugs\jsr305\3.0.2\jsr305-3.0.2.jar;C:\Users\gabri\.m2\repository\com\google\errorprone\error_prone_annotations\2.18.0\error_prone_annotations-2.18.0.jar;C:\Users\gabri\.m2\repository\com\google\j2objc\j2objc-annotations\1.3\j2objc-annotations-1.3.jar;C:\Users\gabri\.m2\repository\io\opencensus\opencensus-api\0.31.1\opencensus-api-0.31.1.jar;C:\Users\gabri\.m2\repository\io\opencensus\opencensus-contrib-http-util\0.31.1\opencensus-contrib-http-util-0.31.1.jar;C:\Users\gabri\.m2\repository\com\google\api\api-common\2.12.0\api-common-2.12.0.jar;C:\Users\gabri\.m2\repository\com\google\auto\value\auto-value-annotations\1.10.1\auto-value-annotations-1.10.1.jar;C:\Users\gabri\.m2\repository\javax\annotation\javax.annotation-api\1.3.2\javax.annotation-api-1.3.2.jar;C:\Users\gabri\.m2\repository\com\google\auth\google-auth-library-oauth2-http\1.17.0\google-auth-library-oauth2-http-1.17.0.jar;C:\Users\gabri\.m2\repository\com\google\auth\google-auth-library-credentials\1.17.0\google-auth-library-credentials-1.17.0.jar;C:\Users\gabri\.m2\repository\com\google\cloud\google-cloud-storage\2.22.4\google-cloud-storage-2.22.4.jar;C:\Users\gabri\.m2\repository\com\google\guava\failureaccess\1.0.1\failureaccess-1.0.1.jar;C:\Users\gabri\.m2\repository\com\google\guava\listenablefuture\9999.0-empty-to-avoid-conflict-with-guava\listenablefuture-9999.0-empty-to-avoid-conflict-with-guava.jar;C:\Users\gabri\.m2\repository\com\google\http-client\google-http-client-jackson2\1.43.1\google-http-client-jackson2-1.43.1.jar;C:\Users\gabri\.m2\repository\com\google\apis\google-api-services-storage\v1-rev20230301-2.0.0\google-api-services-storage-v1-rev20230301-2.0.0.jar;C:\Users\gabri\.m2\repository\com\google\code\gson\gson\2.13.2\gson-2.13.2.jar;C:\Users\gabri\.m2\repository\com\google\cloud\google-cloud-core\2.19.0\google-cloud-core-2.19.0.jar;C:\Users\gabri\.m2\repository\com\google\cloud\google-cloud-core-http\2.19.0\google-cloud-core-http-2.19.0.jar;C:\Users\gabri\.m2\repository\com\google\http-client\google-http-client-appengine\1.43.1\google-http-client-appengine-1.43.1.jar;C:\Users\gabri\.m2\repository\com\google\api\gax-httpjson\0.114.0\gax-httpjson-0.114.0.jar;C:\Users\gabri\.m2\repository\com\google\cloud\google-cloud-core-grpc\2.19.0\google-cloud-core-grpc-2.19.0.jar;C:\Users\gabri\.m2\repository\com\google\api\gax\2.29.0\gax-2.29.0.jar;C:\Users\gabri\.m2\repository\com\google\api\gax-grpc\2.29.0\gax-grpc-2.29.0.jar;C:\Users\gabri\.m2\repository\io\grpc\grpc-alts\1.55.1\grpc-alts-1.55.1.jar;C:\Users\gabri\.m2\repository\io\grpc\grpc-grpclb\1.55.1\grpc-grpclb-1.55.1.jar;C:\Users\gabri\.m2\repository\org\conscrypt\conscrypt-openjdk-uber\2.5.2\conscrypt-openjdk-uber-2.5.2.jar;C:\Users\gabri\.m2\repository\io\grpc\grpc-auth\1.55.1\grpc-auth-1.55.1.jar;C:\Users\gabri\.m2\repository\io\grpc\grpc-protobuf\1.55.1\grpc-protobuf-1.55.1.jar;C:\Users\gabri\.m2\repository\io\grpc\grpc-protobuf-lite\1.55.1\grpc-protobuf-lite-1.55.1.jar;C:\Users\gabri\.m2\repository\io\grpc\grpc-context\1.55.1\grpc-context-1.55.1.jar;C:\Users\gabri\.m2\repository\com\google\api\grpc\proto-google-iam-v1\1.15.0\proto-google-iam-v1-1.15.0.jar;C:\Users\gabri\.m2\repository\com\google\protobuf\protobuf-java\3.23.2\protobuf-java-3.23.2.jar;C:\Users\gabri\.m2\repository\com\google\protobuf\protobuf-java-util\3.23.2\protobuf-java-util-3.23.2.jar;C:\Users\gabri\.m2\repository\com\google\api\grpc\proto-google-common-protos\2.20.0\proto-google-common-protos-2.20.0.jar;C:\Users\gabri\.m2\repository\org\threeten\threetenbp\1.6.8\threetenbp-1.6.8.jar;C:\Users\gabri\.m2\repository\com\google\api\grpc\proto-google-cloud-storage-v2\2.22.4-alpha\proto-google-cloud-storage-v2-2.22.4-alpha.jar;C:\Users\gabri\.m2\repository\com\google\api\grpc\grpc-google-cloud-storage-v2\2.22.4-alpha\grpc-google-cloud-storage-v2-2.22.4-alpha.jar;C:\Users\gabri\.m2\repository\com\google\api\grpc\gapic-google-cloud-storage-v2\2.22.4-alpha\gapic-google-cloud-storage-v2-2.22.4-alpha.jar;C:\Users\gabri\.m2\repository\io\grpc\grpc-api\1.55.1\grpc-api-1.55.1.jar;C:\Users\gabri\.m2\repository\io\grpc\grpc-netty-shaded\1.55.1\grpc-netty-shaded-1.55.1.jar;C:\Users\gabri\.m2\repository\io\perfmark\perfmark-api\0.26.0\perfmark-api-0.26.0.jar;C:\Users\gabri\.m2\repository\io\grpc\grpc-core\1.55.1\grpc-core-1.55.1.jar;C:\Users\gabri\.m2\repository\com\google\android\annotations\4.1.1.4\annotations-4.1.1.4.jar;C:\Users\gabri\.m2\repository\org\codehaus\mojo\animal-sniffer-annotations\1.23\animal-sniffer-annotations-1.23.jar;C:\Users\gabri\.m2\repository\io\grpc\grpc-stub\1.55.1\grpc-stub-1.55.1.jar;C:\Users\gabri\.m2\repository\io\grpc\grpc-googleapis\1.55.1\grpc-googleapis-1.55.1.jar;C:\Users\gabri\.m2\repository\org\checkerframework\checker-qual\3.32.0\checker-qual-3.32.0.jar;C:\Users\gabri\.m2\repository\io\grpc\grpc-xds\1.55.1\grpc-xds-1.55.1.jar;C:\Users\gabri\.m2\repository\io\opencensus\opencensus-proto\0.2.0\opencensus-proto-0.2.0.jar;C:\Users\gabri\.m2\repository\io\grpc\grpc-services\1.55.1\grpc-services-1.55.1.jar;C:\Users\gabri\.m2\repository\com\google\re2j\re2j\1.6\re2j-1.6.jar;C:\Users\gabri\.m2\repository\io\grpc\grpc-rls\1.55.1\grpc-rls-1.55.1.jar;C:\Users\gabri\.m2\repository\com\google\cloud\google-cloud-firestore\3.13.0\google-cloud-firestore-3.13.0.jar;C:\Users\gabri\.m2\repository\commons-logging\commons-logging\1.2\commons-logging-1.2.jar;C:\Users\gabri\.m2\repository\com\google\api\grpc\proto-google-cloud-firestore-v1\3.13.0\proto-google-cloud-firestore-v1-3.13.0.jar;C:\Users\gabri\.m2\repository\com\google\cloud\proto-google-cloud-firestore-bundle-v1\3.13.0\proto-google-cloud-firestore-bundle-v1-3.13.0.jar;C:\Users\gabri\.m2\repository\io\opencensus\opencensus-contrib-grpc-util\0.31.1\opencensus-contrib-grpc-util-0.31.1.jar;C:\Users\gabri\.m2\repository\com\google\guava\guava\31.1-jre\guava-31.1-jre.jar;C:\Users\gabri\.m2\repository\org\slf4j\slf4j-api\2.0.17\slf4j-api-2.0.17.jar;C:\Users\gabri\.m2\repository\io\netty\netty-codec-http\4.1.127.Final\netty-codec-http-4.1.127.Final.jar;C:\Users\gabri\.m2\repository\io\netty\netty-common\4.1.127.Final\netty-common-4.1.127.Final.jar;C:\Users\gabri\.m2\repository\io\netty\netty-buffer\4.1.127.Final\netty-buffer-4.1.127.Final.jar;C:\Users\gabri\.m2\repository\io\netty\netty-codec\4.1.127.Final\netty-codec-4.1.127.Final.jar;C:\Users\gabri\.m2\repository\io\netty\netty-handler\4.1.127.Final\netty-handler-4.1.127.Final.jar;C:\Users\gabri\.m2\repository\io\netty\netty-resolver\4.1.127.Final\netty-resolver-4.1.127.Final.jar;C:\Users\gabri\.m2\repository\io\netty\netty-transport-native-unix-common\4.1.127.Final\netty-transport-native-unix-common-4.1.127.Final.jar;C:\Users\gabri\.m2\repository\io\netty\netty-transport\4.1.127.Final\netty-transport-4.1.127.Final.jar;C:\Users\gabri\.m2\repository\org\springframework\boot\spring-boot-starter-security\3.5.6\spring-boot-starter-security-3.5.6.jar;C:\Users\gabri\.m2\repository\org\springframework\spring-aop\6.2.11\spring-aop-6.2.11.jar;C:\Users\gabri\.m2\repository\org\springframework\security\spring-security-config\6.5.5\spring-security-config-6.5.5.jar;C:\Users\gabri\.m2\repository\org\springframework\security\spring-security-core\6.5.5\spring-security-core-6.5.5.jar;C:\Users\gabri\.m2\repository\org\springframework\security\spring-security-crypto\6.5.5\spring-security-crypto-6.5.5.jar;C:\Users\gabri\.m2\repository\org\springframework\security\spring-security-web\6.5.5\spring-security-web-6.5.5.jar;C:\Users\gabri\.m2\repository\org\springdoc\springdoc-openapi-starter-webmvc-ui\2.6.0\springdoc-openapi-starter-webmvc-ui-2.6.0.jar;C:\Users\gabri\.m2\repository\org\springdoc\springdoc-openapi-starter-webmvc-api\2.6.0\springdoc-openapi-starter-webmvc-api-2.6.0.jar;C:\Users\gabri\.m2\repository\org\springdoc\springdoc-openapi-starter-common\2.6.0\springdoc-openapi-starter-common-2.6.0.jar;C:\Users\gabri\.m2\repository\io\swagger\core\v3\swagger-core-jakarta\2.2.22\swagger-core-jakarta-2.2.22.jar;C:\Users\gabri\.m2\repository\org\apache\commons\commons-lang3\3.17.0\commons-lang3-3.17.0.jar;C:\Users\gabri\.m2\repository\io\swagger\core\v3\swagger-annotations-jakarta\2.2.22\swagger-annotations-jakarta-2.2.22.jar;C:\Users\gabri\.m2\repository\io\swagger\core\v3\swagger-models-jakarta\2.2.22\swagger-models-jakarta-2.2.22.jar;C:\Users\gabri\.m2\repository\jakarta\validation\jakarta.validation-api\3.0.2\jakarta.validation-api-3.0.2.jar;C:\Users\gabri\.m2\repository\com\fasterxml\jackson\dataformat\jackson-dataformat-yaml\2.19.2\jackson-dataformat-yaml-2.19.2.jar;C:\Users\gabri\.m2\repository\org\webjars\swagger-ui\5.17.14\swagger-ui-5.17.14.jar;C:\Program Files\JetBrains\IntelliJ IDEA 2024.3.4.1\lib\idea_rt.jar
Launcher Type: SUN_STANDARD

[Global flags]
     intx CICompilerCount                          = 4                                         {product} {ergonomic}
     uint ConcGCThreads                            = 2                                         {product} {ergonomic}
     uint G1ConcRefinementThreads                  = 8                                         {product} {ergonomic}
   size_t G1HeapRegionSize                         = 2097152                                   {product} {ergonomic}
   size_t InitialHeapSize                          = 197132288                                 {product} {ergonomic}
     bool ManagementServer                         = true                                      {product} {command line}
   size_t MarkStackSize                            = 4194304                                   {product} {ergonomic}
   size_t MarkStackSizeMax                         = 536870912                                 {product} {ergonomic}
   size_t MaxHeapSize                              = 3149922304                                {product} {ergonomic}
   size_t MaxNewSize                               = 1889533952                                {product} {ergonomic}
   size_t MinHeapDeltaBytes                        = 2097152                                   {product} {ergonomic}
   size_t MinHeapSize                              = 8388608                                   {product} {ergonomic}
    uintx NonNMethodCodeHeapSize                   = 4096                                   {pd product} {ergonomic}
    uintx NonProfiledCodeHeapSize                  = 0                                      {pd product} {ergonomic}
     bool ProfileInterpreter                       = false                                  {pd product} {command line}
    uintx ProfiledCodeHeapSize                     = 0                                      {pd product} {ergonomic}
   size_t SoftMaxHeapSize                          = 3149922304                             {manageable} {ergonomic}
     intx TieredStopAtLevel                        = 1                                         {product} {command line}
     bool UseCompressedOops                        = true                           {product lp64_product} {ergonomic}
     bool UseG1GC                                  = true                                      {product} {ergonomic}
     bool UseLargePagesIndividualAllocation        = false                                  {pd product} {ergonomic}

Logging:
Log output configuration:
 #0: stdout all=warning uptime,level,tags foldmultilines=false
 #1: stderr all=off uptime,level,tags foldmultilines=false

Environment Variables:
PATH=C:\Program Files (x86)\Common Files\Oracle\Java\java8path;C:\Program Files (x86)\Common Files\Oracle\Java\javapath;C:\Users\gabri\AppData\Local\Programs\Python\Python313\Scripts\;C:\Users\gabri\AppData\Local\Programs\Python\Python313\;C:\WINDOWS\system32;C:\WINDOWS;C:\WINDOWS\System32\Wbem;C:\WINDOWS\System32\WindowsPowerShell\v1.0\;C:\WINDOWS\System32\OpenSSH\;C:\Program Files\Git\cmd;C:\ProgramData\chocolatey\bin;C:\Program Files\nodejs\;C:\Program Files\cursor\resources\app\bin;C:\Users\gabri\AppData\Local\Programs\Python\Launcher\;C:\Program Files\MySQL\MySQL Shell 8.0\bin\;C:\Users\gabri\AppData\Local\Microsoft\WindowsApps;C:\Users\gabri\AppData\Local\Programs\Microsoft VS Code\bin;C:\Users\gabri\AppData\Roaming\npm
USERNAME=gabri
OS=Windows_NT
PROCESSOR_IDENTIFIER=Intel64 Family 6 Model 140 Stepping 1, GenuineIntel
TMP=C:\Users\gabri\AppData\Local\Temp
TEMP=C:\Users\gabri\AppData\Local\Temp




Periodic native trim disabled

---------------  S Y S T E M  ---------------

OS:
 Windows 11 , 64 bit Build 26100 (10.0.26100.7019)
OS uptime: 5 days 16:05 hours
Hyper-V role detected

CPU: total 8 (initial active 8) (4 cores per cpu, 2 threads per core) family 6 model 140 stepping 1 microcode 0xbc, cx8, cmov, fxsr, ht, mmx, 3dnowpref, sse, sse2, sse3, ssse3, sse4.1, sse4.2, popcnt, lzcnt, tsc, tscinvbit, avx, avx2, aes, erms, clmul, bmi1, bmi2, adx, avx512f, avx512dq, avx512cd, avx512bw, avx512vl, sha, fma, vzeroupper, avx512_vpopcntdq, avx512_vpclmulqdq, avx512_vaes, avx512_vnni, clflush, clflushopt, clwb, avx512_vbmi2, avx512_vbmi, hv, rdtscp, rdpid, fsrm, gfni, avx512_bitalg, f16c, cet_ibt, cet_ss, avx512_ifma
Processor Information for processor 0
  Max Mhz: 2419, Current Mhz: 2419, Mhz Limit: 2419
Processor Information for processor 1
  Max Mhz: 2419, Current Mhz: 1007, Mhz Limit: 2419
Processor Information for processor 2
  Max Mhz: 2419, Current Mhz: 2419, Mhz Limit: 2419
Processor Information for processor 3
  Max Mhz: 2419, Current Mhz: 2419, Mhz Limit: 2419
Processor Information for processor 4
  Max Mhz: 2419, Current Mhz: 2419, Mhz Limit: 2419
Processor Information for processor 5
  Max Mhz: 2419, Current Mhz: 1007, Mhz Limit: 2419
Processor Information for processor 6
  Max Mhz: 2419, Current Mhz: 2419, Mhz Limit: 2419
Processor Information for processor 7
  Max Mhz: 2419, Current Mhz: 1007, Mhz Limit: 2419

Memory: 4k page, system-wide physical 12014M (959M free)
TotalPageFile size 18688M (AvailPageFile size 1034M)
current process WorkingSet (physical memory assigned to process): 362M, peak: 362M
current process commit charge ("private bytes"): 411M, peak: 411M

vm_info: OpenJDK 64-Bit Server VM (24.0.1+9-30) for windows-amd64 JRE (24.0.1+9-30), built on 2025-03-05T07:23:45Z with MS VC++ 17.6 (VS2022)

END.
